Using pre-set license
Built from '2020.2/release' branch; Version is '2020.2.1f1 (270dd8c3da1c) revision 2559448'; Using compiler version '192528614'; Build Type 'Release'
OS: 'Windows 10  (10.0.0) 64bit' Language: 'zh' Physical Memory: 8082 MB
BatchMode: 1, IsHumanControllingUs: 0, StartBugReporterOnCrash: 0, Is64bit: 1, IsPro: 0

 COMMAND LINE ARGUMENTS:
D:\Program Files\Unity\Editor\2020.2.1f1\Editor\Unity.exe
-adb2
-batchMode
-noUpm
-name
AssetImportWorker1
-projectPath
D:/Program Files/Unity/GAME3033_Final_Assignment
-logFile
Logs/AssetImportWorker1.log
-srvPort
64518
Successfully changed project path to: D:/Program Files/Unity/GAME3033_Final_Assignment
D:/Program Files/Unity/GAME3033_Final_Assignment
Using Asset Import Pipeline V2.
Refreshing native plugins compatible for Editor in 41.20 ms, found 0 plugins.
Preloading 0 native plugins for Editor in 0.00 ms.
Initialize engine version: 2020.2.1f1 (270dd8c3da1c)
[Subsystems] Discovering subsystems at path D:/Program Files/Unity/Editor/2020.2.1f1/Editor/Data/Resources/UnitySubsystems
[Subsystems] Discovering subsystems at path D:/Program Files/Unity/GAME3033_Final_Assignment/Assets
GfxDevice: creating device client; threaded=0
Direct3D:
    Version:  Direct3D 11.0 [level 11.1]
    Renderer: NVIDIA GeForce GTX 1060 (ID=0x1c20)
    Vendor:   
    VRAM:     6052 MB
    Driver:   27.21.14.6589
Initialize mono
Mono path[0] = 'D:/Program Files/Unity/Editor/2020.2.1f1/Editor/Data/Managed'
Mono path[1] = 'D:/Program Files/Unity/Editor/2020.2.1f1/Editor/Data/MonoBleedingEdge/lib/mono/unityjit'
Mono config path = 'D:/Program Files/Unity/Editor/2020.2.1f1/Editor/Data/MonoBleedingEdge/etc'
Using monoOptions --debugger-agent=transport=dt_socket,embedding=1,server=y,suspend=n,address=127.0.0.1:56148
Begin MonoManager ReloadAssembly
Registering precompiled unity dll's ...
Register platform support module: D:/Program Files/Unity/Editor/2020.2.1f1/Editor/Data/PlaybackEngines/WindowsStandaloneSupport/UnityEditor.WindowsStandalone.Extensions.dll
Registered in 0.002377 seconds.
Native extension for WindowsStandalone target not found
Refreshing native plugins compatible for Editor in 43.16 ms, found 0 plugins.
Preloading 0 native plugins for Editor in 0.00 ms.
Invoked RoslynAnalysisRunner static constructor.
RoslynAnalysisRunner will not be running.
RoslynAnalysisRunner has terminated.
Mono: successfully reloaded assembly
- Completed reload, in  1.112 seconds
Platform modules already initialized, skipping
Registering precompiled user dll's ...
Registered in 0.000943 seconds.
Begin MonoManager ReloadAssembly
Native extension for WindowsStandalone target not found
Refreshing native plugins compatible for Editor in 0.79 ms, found 0 plugins.
Preloading 0 native plugins for Editor in 0.00 ms.
Invoked RoslynAnalysisRunner static constructor.
RoslynAnalysisRunner will not be running.
RoslynAnalysisRunner has terminated.
Mono: successfully reloaded assembly
- Completed reload, in  1.277 seconds
Platform modules already initialized, skipping
========================================================================
Worker process is ready to serve import requests
Launched and connected shader compiler UnityShaderCompiler.exe after 0.18 seconds
Refreshing native plugins compatible for Editor in 0.47 ms, found 0 plugins.
Preloading 0 native plugins for Editor in 0.00 ms.
Unloading 1105 Unused Serialized files (Serialized files now loaded: 0)
System memory in use before: 74.8 MB.
System memory in use after: 74.8 MB.

Unloading 10 unused Assets to reduce memory usage. Loaded Objects now: 1570.
Total: 2.047300 ms (FindLiveObjects: 0.228400 ms CreateObjectMapping: 0.057700 ms MarkObjects: 1.650600 ms  DeleteObjects: 0.108900 ms)

========================================================================
Received Import Request.
  path: Assets/Scenes/Map_City.unity
  artifactKey: Guid(cf7c677bbb7aac345a7c35e4f1b92a36) Importer(815301076,1909f56bfc062723c751e8b465ee728b)
Start importing Assets/Scenes/Map_City.unity using Guid(cf7c677bbb7aac345a7c35e4f1b92a36) Importer(815301076,1909f56bfc062723c751e8b465ee728b)  -> (artifact id: 'cbdb060f715f13b3f8766e24d1f32cd2') in 0.069852 seconds
  Import took 0.114283 seconds .

========================================================================
Received Prepare
Registering precompiled user dll's ...
Registered in 0.001080 seconds.
Begin MonoManager ReloadAssembly
Native extension for WindowsStandalone target not found
Refreshing native plugins compatible for Editor in 0.42 ms, found 0 plugins.
Preloading 0 native plugins for Editor in 0.00 ms.
Invoked RoslynAnalysisRunner static constructor.
RoslynAnalysisRunner will not be running.
RoslynAnalysisRunner has terminated.
Mono: successfully reloaded assembly
- Completed reload, in  0.747 seconds
Platform modules already initialized, skipping
Refreshing native plugins compatible for Editor in 0.43 ms, found 0 plugins.
Preloading 0 native plugins for Editor in 0.00 ms.
Unloading 1096 Unused Serialized files (Serialized files now loaded: 0)
System memory in use before: 75.4 MB.
System memory in use after: 75.5 MB.

Unloading 5 unused Assets to reduce memory usage. Loaded Objects now: 1572.
Total: 1.793300 ms (FindLiveObjects: 0.309100 ms CreateObjectMapping: 0.049300 ms MarkObjects: 1.353300 ms  DeleteObjects: 0.080100 ms)

========================================================================
Received Import Request.
  Time since last request: 9346.689580 seconds.
  path: Assets/Script/Camera/ScoreManager.cs
  artifactKey: Guid(18a9fa774c893b44dbd81e33baa6b1fb) Importer(815301076,1909f56bfc062723c751e8b465ee728b)
Start importing Assets/Script/Camera/ScoreManager.cs using Guid(18a9fa774c893b44dbd81e33baa6b1fb) Importer(815301076,1909f56bfc062723c751e8b465ee728b)  -> (artifact id: 'c34e06a3bceef257ef17f73f5ec4a61f') in 1.165938 seconds
  Import took 1.725463 seconds .

========================================================================
Received Prepare
Registering precompiled user dll's ...
Registered in 0.000972 seconds.
Begin MonoManager ReloadAssembly
Native extension for WindowsStandalone target not found
Refreshing native plugins compatible for Editor in 0.45 ms, found 0 plugins.
Preloading 0 native plugins for Editor in 0.00 ms.
Invoked RoslynAnalysisRunner static constructor.
RoslynAnalysisRunner will not be running.
RoslynAnalysisRunner has terminated.
Mono: successfully reloaded assembly
- Completed reload, in  1.484 seconds
Platform modules already initialized, skipping
Refreshing native plugins compatible for Editor in 0.89 ms, found 0 plugins.
Preloading 0 native plugins for Editor in 0.00 ms.
Unloading 1097 Unused Serialized files (Serialized files now loaded: 0)
System memory in use before: 75.4 MB.
System memory in use after: 75.5 MB.

Unloading 5 unused Assets to reduce memory usage. Loaded Objects now: 1575.
Total: 1.826100 ms (FindLiveObjects: 0.170000 ms CreateObjectMapping: 0.033200 ms MarkObjects: 1.539900 ms  DeleteObjects: 0.080200 ms)

========================================================================
Received Prepare
Registering precompiled user dll's ...
Registered in 0.001830 seconds.
Begin MonoManager ReloadAssembly
Native extension for WindowsStandalone target not found
Refreshing native plugins compatible for Editor in 0.54 ms, found 0 plugins.
Preloading 0 native plugins for Editor in 0.00 ms.
Invoked RoslynAnalysisRunner static constructor.
RoslynAnalysisRunner will not be running.
RoslynAnalysisRunner has terminated.
Mono: successfully reloaded assembly
- Completed reload, in  0.928 seconds
Platform modules already initialized, skipping
Refreshing native plugins compatible for Editor in 0.78 ms, found 0 plugins.
Preloading 0 native plugins for Editor in 0.00 ms.
Unloading 1097 Unused Serialized files (Serialized files now loaded: 0)
System memory in use before: 75.5 MB.
System memory in use after: 75.5 MB.

Unloading 5 unused Assets to reduce memory usage. Loaded Objects now: 1577.
Total: 2.639300 ms (FindLiveObjects: 0.230300 ms CreateObjectMapping: 0.060800 ms MarkObjects: 2.224200 ms  DeleteObjects: 0.122300 ms)

========================================================================
Received Import Request.
  Time since last request: 6871.402158 seconds.
  path: Assets/Script/Camera/ScoreManager.cs
  artifactKey: Guid(18a9fa774c893b44dbd81e33baa6b1fb) Importer(815301076,1909f56bfc062723c751e8b465ee728b)
Start importing Assets/Script/Camera/ScoreManager.cs using Guid(18a9fa774c893b44dbd81e33baa6b1fb) Importer(815301076,1909f56bfc062723c751e8b465ee728b)  -> (artifact id: '8ad7a35eb10ad09123d349d90323203d') in 0.034234 seconds
  Import took 0.098792 seconds .

========================================================================
Received Prepare
Registering precompiled user dll's ...
Registered in 0.000943 seconds.
Begin MonoManager ReloadAssembly
Native extension for WindowsStandalone target not found
Refreshing native plugins compatible for Editor in 0.47 ms, found 0 plugins.
Preloading 0 native plugins for Editor in 0.00 ms.
Invoked RoslynAnalysisRunner static constructor.
RoslynAnalysisRunner will not be running.
RoslynAnalysisRunner has terminated.
Mono: successfully reloaded assembly
- Completed reload, in  0.982 seconds
Platform modules already initialized, skipping
Refreshing native plugins compatible for Editor in 0.44 ms, found 0 plugins.
Preloading 0 native plugins for Editor in 0.00 ms.
Unloading 1097 Unused Serialized files (Serialized files now loaded: 0)
System memory in use before: 75.5 MB.
System memory in use after: 75.5 MB.

Unloading 5 unused Assets to reduce memory usage. Loaded Objects now: 1579.
Total: 2.188500 ms (FindLiveObjects: 0.147200 ms CreateObjectMapping: 0.039900 ms MarkObjects: 1.905300 ms  DeleteObjects: 0.094600 ms)

========================================================================
Received Prepare
Registering precompiled user dll's ...
Registered in 0.000908 seconds.
Begin MonoManager ReloadAssembly
Native extension for WindowsStandalone target not found
Refreshing native plugins compatible for Editor in 0.41 ms, found 0 plugins.
Preloading 0 native plugins for Editor in 0.00 ms.
Invoked RoslynAnalysisRunner static constructor.
RoslynAnalysisRunner will not be running.
RoslynAnalysisRunner has terminated.
Mono: successfully reloaded assembly
- Completed reload, in  1.070 seconds
Platform modules already initialized, skipping
Refreshing native plugins compatible for Editor in 1.50 ms, found 0 plugins.
Preloading 0 native plugins for Editor in 0.00 ms.
Unloading 1097 Unused Serialized files (Serialized files now loaded: 0)
System memory in use before: 75.5 MB.
System memory in use after: 75.5 MB.

Unloading 5 unused Assets to reduce memory usage. Loaded Objects now: 1581.
Total: 2.662400 ms (FindLiveObjects: 0.888000 ms CreateObjectMapping: 0.065300 ms MarkObjects: 1.608000 ms  DeleteObjects: 0.084000 ms)

========================================================================
Received Prepare
Registering precompiled user dll's ...
Registered in 0.001083 seconds.
Begin MonoManager ReloadAssembly
Native extension for WindowsStandalone target not found
Refreshing native plugins compatible for Editor in 0.53 ms, found 0 plugins.
Preloading 0 native plugins for Editor in 0.00 ms.
Invoked RoslynAnalysisRunner static constructor.
RoslynAnalysisRunner will not be running.
RoslynAnalysisRunner has terminated.
Mono: successfully reloaded assembly
- Completed reload, in  0.903 seconds
Platform modules already initialized, skipping
Refreshing native plugins compatible for Editor in 0.43 ms, found 0 plugins.
Preloading 0 native plugins for Editor in 0.00 ms.
Unloading 1097 Unused Serialized files (Serialized files now loaded: 0)
System memory in use before: 75.5 MB.
System memory in use after: 75.5 MB.

Unloading 5 unused Assets to reduce memory usage. Loaded Objects now: 1583.
Total: 2.720700 ms (FindLiveObjects: 0.257100 ms CreateObjectMapping: 0.104600 ms MarkObjects: 2.235300 ms  DeleteObjects: 0.122600 ms)

========================================================================
Received Prepare
Registering precompiled user dll's ...
Registered in 0.001674 seconds.
Begin MonoManager ReloadAssembly
Native extension for WindowsStandalone target not found
Refreshing native plugins compatible for Editor in 0.42 ms, found 0 plugins.
Preloading 0 native plugins for Editor in 0.00 ms.
Invoked RoslynAnalysisRunner static constructor.
RoslynAnalysisRunner will not be running.
RoslynAnalysisRunner has terminated.
Mono: successfully reloaded assembly
- Completed reload, in  0.819 seconds
Platform modules already initialized, skipping
Refreshing native plugins compatible for Editor in 0.44 ms, found 0 plugins.
Preloading 0 native plugins for Editor in 0.00 ms.
Unloading 1097 Unused Serialized files (Serialized files now loaded: 0)
System memory in use before: 75.5 MB.
System memory in use after: 75.6 MB.

Unloading 5 unused Assets to reduce memory usage. Loaded Objects now: 1585.
Total: 5.666200 ms (FindLiveObjects: 0.345400 ms CreateObjectMapping: 0.115700 ms MarkObjects: 4.808800 ms  DeleteObjects: 0.392400 ms)

========================================================================
Received Import Request.
  Time since last request: 549.391194 seconds.
  path: Assets/Prefabs/HUDCanvas.prefab
  artifactKey: Guid(716c3bd7e2af1854fa7180efc4316103) Importer(815301076,1909f56bfc062723c751e8b465ee728b)
Start importing Assets/Prefabs/HUDCanvas.prefab using Guid(716c3bd7e2af1854fa7180efc4316103) Importer(815301076,1909f56bfc062723c751e8b465ee728b)  -> (artifact id: 'ff2f3314c3cc6662112dbb85a92c889e') in 0.325403 seconds
  Import took 0.347246 seconds .

========================================================================
Received Import Request.
  Time since last request: 200.474461 seconds.
  path: Assets/Prefabs/HUDCanvas.prefab
  artifactKey: Guid(716c3bd7e2af1854fa7180efc4316103) Importer(815301076,1909f56bfc062723c751e8b465ee728b)
Start importing Assets/Prefabs/HUDCanvas.prefab using Guid(716c3bd7e2af1854fa7180efc4316103) Importer(815301076,1909f56bfc062723c751e8b465ee728b)  -> (artifact id: '22c6a22fdf068ce7df37b130f7537f86') in 0.005000 seconds
  Import took 0.039120 seconds .

========================================================================
Received Import Request.
  Time since last request: 219.197579 seconds.
  path: Assets/Art/Animations/Zombies/zombie dying.anim
  artifactKey: Guid(640533b87bdab014aa07d343a4b91f57) Importer(815301076,1909f56bfc062723c751e8b465ee728b)
Start importing Assets/Art/Animations/Zombies/zombie dying.anim using Guid(640533b87bdab014aa07d343a4b91f57) Importer(815301076,1909f56bfc062723c751e8b465ee728b)  -> (artifact id: '5fbced44bb5afbf3ae0ce9635721c93f') in 0.394809 seconds
  Import took 0.461385 seconds .

========================================================================
Received Import Request.
  Time since last request: 32.190581 seconds.
  path: Assets/Art/Animations/Zombies
  artifactKey: Guid(03c5014b7a4d2cf45b6b30ec256c5e70) Importer(815301076,1909f56bfc062723c751e8b465ee728b)
Start importing Assets/Art/Animations/Zombies using Guid(03c5014b7a4d2cf45b6b30ec256c5e70) Importer(815301076,1909f56bfc062723c751e8b465ee728b)  -> (artifact id: 'cc87a8e326f72a069d3d81013a78156b') in 0.002673 seconds
  Import took 0.119762 seconds .

========================================================================
Received Import Request.
  Time since last request: 2.823694 seconds.
  path: Assets/Art/Animations/Zombies/Zombie Attack.anim
  artifactKey: Guid(e9b3f94f7e22030429b4d59bec1bad61) Importer(815301076,1909f56bfc062723c751e8b465ee728b)
Start importing Assets/Art/Animations/Zombies/Zombie Attack.anim using Guid(e9b3f94f7e22030429b4d59bec1bad61) Importer(815301076,1909f56bfc062723c751e8b465ee728b)  -> (artifact id: 'd88593e85bc18121b2164d477f66cd26') in 0.022925 seconds
  Import took 0.046133 seconds .

========================================================================
Received Prepare
Registering precompiled user dll's ...
Registered in 0.000885 seconds.
Begin MonoManager ReloadAssembly
Native extension for WindowsStandalone target not found
Refreshing native plugins compatible for Editor in 1.38 ms, found 0 plugins.
Preloading 0 native plugins for Editor in 0.00 ms.
Invoked RoslynAnalysisRunner static constructor.
RoslynAnalysisRunner will not be running.
RoslynAnalysisRunner has terminated.
Mono: successfully reloaded assembly
- Completed reload, in  0.782 seconds
Platform modules already initialized, skipping
Refreshing native plugins compatible for Editor in 0.57 ms, found 0 plugins.
Preloading 0 native plugins for Editor in 0.00 ms.
Unloading 1097 Unused Serialized files (Serialized files now loaded: 0)
System memory in use before: 75.6 MB.
System memory in use after: 75.7 MB.

Unloading 7 unused Assets to reduce memory usage. Loaded Objects now: 1589.
Total: 2.439600 ms (FindLiveObjects: 0.172400 ms CreateObjectMapping: 0.033800 ms MarkObjects: 2.141200 ms  DeleteObjects: 0.091000 ms)

========================================================================
Received Prepare
Registering precompiled user dll's ...
Registered in 0.000877 seconds.
Begin MonoManager ReloadAssembly
Native extension for WindowsStandalone target not found
Refreshing native plugins compatible for Editor in 0.42 ms, found 0 plugins.
Preloading 0 native plugins for Editor in 0.00 ms.
Invoked RoslynAnalysisRunner static constructor.
RoslynAnalysisRunner will not be running.
RoslynAnalysisRunner has terminated.
Mono: successfully reloaded assembly
- Completed reload, in  0.839 seconds
Platform modules already initialized, skipping
Refreshing native plugins compatible for Editor in 0.45 ms, found 0 plugins.
Preloading 0 native plugins for Editor in 0.00 ms.
Unloading 1097 Unused Serialized files (Serialized files now loaded: 0)
System memory in use before: 75.6 MB.
System memory in use after: 75.7 MB.

Unloading 5 unused Assets to reduce memory usage. Loaded Objects now: 1591.
Total: 1.899100 ms (FindLiveObjects: 0.145200 ms CreateObjectMapping: 0.036500 ms MarkObjects: 1.620800 ms  DeleteObjects: 0.094900 ms)

========================================================================
Received Prepare
Registering precompiled user dll's ...
Registered in 0.000889 seconds.
Begin MonoManager ReloadAssembly
Native extension for WindowsStandalone target not found
Refreshing native plugins compatible for Editor in 0.58 ms, found 0 plugins.
Preloading 0 native plugins for Editor in 0.00 ms.
Invoked RoslynAnalysisRunner static constructor.
RoslynAnalysisRunner will not be running.
RoslynAnalysisRunner has terminated.
Mono: successfully reloaded assembly
- Completed reload, in  0.990 seconds
Platform modules already initialized, skipping
Refreshing native plugins compatible for Editor in 0.42 ms, found 0 plugins.
Preloading 0 native plugins for Editor in 0.00 ms.
Unloading 1097 Unused Serialized files (Serialized files now loaded: 0)
System memory in use before: 75.6 MB.
System memory in use after: 75.7 MB.

Unloading 5 unused Assets to reduce memory usage. Loaded Objects now: 1593.
Total: 2.106100 ms (FindLiveObjects: 0.327800 ms CreateObjectMapping: 0.044800 ms MarkObjects: 1.645500 ms  DeleteObjects: 0.086000 ms)

========================================================================
Received Prepare
Registering precompiled user dll's ...
Registered in 0.000927 seconds.
Begin MonoManager ReloadAssembly
Native extension for WindowsStandalone target not found
Refreshing native plugins compatible for Editor in 0.67 ms, found 0 plugins.
Preloading 0 native plugins for Editor in 0.00 ms.
Invoked RoslynAnalysisRunner static constructor.
RoslynAnalysisRunner will not be running.
RoslynAnalysisRunner has terminated.
Mono: successfully reloaded assembly
- Completed reload, in  0.795 seconds
Platform modules already initialized, skipping
Refreshing native plugins compatible for Editor in 0.42 ms, found 0 plugins.
Preloading 0 native plugins for Editor in 0.00 ms.
Unloading 1097 Unused Serialized files (Serialized files now loaded: 0)
System memory in use before: 75.6 MB.
System memory in use after: 75.7 MB.

Unloading 5 unused Assets to reduce memory usage. Loaded Objects now: 1595.
Total: 2.015700 ms (FindLiveObjects: 0.193100 ms CreateObjectMapping: 0.039800 ms MarkObjects: 1.694800 ms  DeleteObjects: 0.086900 ms)

========================================================================
Received Prepare
Registering precompiled user dll's ...
Registered in 0.000862 seconds.
Begin MonoManager ReloadAssembly
Native extension for WindowsStandalone target not found
Refreshing native plugins compatible for Editor in 0.42 ms, found 0 plugins.
Preloading 0 native plugins for Editor in 0.00 ms.
Invoked RoslynAnalysisRunner static constructor.
RoslynAnalysisRunner will not be running.
RoslynAnalysisRunner has terminated.
Mono: successfully reloaded assembly
- Completed reload, in  0.798 seconds
Platform modules already initialized, skipping
Refreshing native plugins compatible for Editor in 0.42 ms, found 0 plugins.
Preloading 0 native plugins for Editor in 0.00 ms.
Unloading 1097 Unused Serialized files (Serialized files now loaded: 0)
System memory in use before: 75.6 MB.
System memory in use after: 75.7 MB.

Unloading 5 unused Assets to reduce memory usage. Loaded Objects now: 1597.
Total: 2.632200 ms (FindLiveObjects: 0.207300 ms CreateObjectMapping: 0.058600 ms MarkObjects: 2.231600 ms  DeleteObjects: 0.132700 ms)

========================================================================
Received Prepare
Registering precompiled user dll's ...
Registered in 0.000845 seconds.
Begin MonoManager ReloadAssembly
Native extension for WindowsStandalone target not found
Refreshing native plugins compatible for Editor in 0.42 ms, found 0 plugins.
Preloading 0 native plugins for Editor in 0.00 ms.
Invoked RoslynAnalysisRunner static constructor.
RoslynAnalysisRunner will not be running.
RoslynAnalysisRunner has terminated.
Mono: successfully reloaded assembly
- Completed reload, in  0.785 seconds
Platform modules already initialized, skipping
Refreshing native plugins compatible for Editor in 0.42 ms, found 0 plugins.
Preloading 0 native plugins for Editor in 0.00 ms.
Unloading 1097 Unused Serialized files (Serialized files now loaded: 0)
System memory in use before: 75.6 MB.
System memory in use after: 75.7 MB.

Unloading 5 unused Assets to reduce memory usage. Loaded Objects now: 1599.
Total: 1.657100 ms (FindLiveObjects: 0.152400 ms CreateObjectMapping: 0.039700 ms MarkObjects: 1.384600 ms  DeleteObjects: 0.079100 ms)

========================================================================
Received Prepare
Registering precompiled user dll's ...
Registered in 0.000990 seconds.
Begin MonoManager ReloadAssembly
Native extension for WindowsStandalone target not found
Refreshing native plugins compatible for Editor in 0.42 ms, found 0 plugins.
Preloading 0 native plugins for Editor in 0.00 ms.
Invoked RoslynAnalysisRunner static constructor.
RoslynAnalysisRunner will not be running.
RoslynAnalysisRunner has terminated.
Mono: successfully reloaded assembly
- Completed reload, in  0.826 seconds
Platform modules already initialized, skipping
Refreshing native plugins compatible for Editor in 0.43 ms, found 0 plugins.
Preloading 0 native plugins for Editor in 0.00 ms.
Unloading 1097 Unused Serialized files (Serialized files now loaded: 0)
System memory in use before: 75.6 MB.
System memory in use after: 75.7 MB.

Unloading 5 unused Assets to reduce memory usage. Loaded Objects now: 1601.
Total: 2.253600 ms (FindLiveObjects: 0.219100 ms CreateObjectMapping: 0.061300 ms MarkObjects: 1.859500 ms  DeleteObjects: 0.109900 ms)

========================================================================
Received Prepare
Registering precompiled user dll's ...
Registered in 0.000937 seconds.
Begin MonoManager ReloadAssembly
Native extension for WindowsStandalone target not found
Refreshing native plugins compatible for Editor in 0.41 ms, found 0 plugins.
Preloading 0 native plugins for Editor in 0.00 ms.
Invoked RoslynAnalysisRunner static constructor.
RoslynAnalysisRunner will not be running.
RoslynAnalysisRunner has terminated.
Mono: successfully reloaded assembly
- Completed reload, in  0.757 seconds
Platform modules already initialized, skipping
Refreshing native plugins compatible for Editor in 0.56 ms, found 0 plugins.
Preloading 0 native plugins for Editor in 0.00 ms.
Unloading 1097 Unused Serialized files (Serialized files now loaded: 0)
System memory in use before: 75.7 MB.
System memory in use after: 75.7 MB.

Unloading 5 unused Assets to reduce memory usage. Loaded Objects now: 1603.
Total: 2.055600 ms (FindLiveObjects: 0.166400 ms CreateObjectMapping: 0.040500 ms MarkObjects: 1.761100 ms  DeleteObjects: 0.086700 ms)

========================================================================
Received Prepare
Registering precompiled user dll's ...
Registered in 0.000863 seconds.
Begin MonoManager ReloadAssembly
Native extension for WindowsStandalone target not found
Refreshing native plugins compatible for Editor in 0.42 ms, found 0 plugins.
Preloading 0 native plugins for Editor in 0.00 ms.
Invoked RoslynAnalysisRunner static constructor.
RoslynAnalysisRunner will not be running.
RoslynAnalysisRunner has terminated.
Mono: successfully reloaded assembly
- Completed reload, in  0.779 seconds
Platform modules already initialized, skipping
Refreshing native plugins compatible for Editor in 0.44 ms, found 0 plugins.
Preloading 0 native plugins for Editor in 0.00 ms.
Unloading 1097 Unused Serialized files (Serialized files now loaded: 0)
System memory in use before: 75.7 MB.
System memory in use after: 75.7 MB.

Unloading 5 unused Assets to reduce memory usage. Loaded Objects now: 1605.
Total: 1.731800 ms (FindLiveObjects: 0.179800 ms CreateObjectMapping: 0.035400 ms MarkObjects: 1.440600 ms  DeleteObjects: 0.074700 ms)

========================================================================
Received Prepare
Registering precompiled user dll's ...
Registered in 0.000937 seconds.
Begin MonoManager ReloadAssembly
Native extension for WindowsStandalone target not found
Refreshing native plugins compatible for Editor in 0.41 ms, found 0 plugins.
Preloading 0 native plugins for Editor in 0.00 ms.
Invoked RoslynAnalysisRunner static constructor.
RoslynAnalysisRunner will not be running.
RoslynAnalysisRunner has terminated.
Mono: successfully reloaded assembly
- Completed reload, in  0.800 seconds
Platform modules already initialized, skipping
Refreshing native plugins compatible for Editor in 0.50 ms, found 0 plugins.
Preloading 0 native plugins for Editor in 0.00 ms.
Unloading 1097 Unused Serialized files (Serialized files now loaded: 0)
System memory in use before: 75.7 MB.
System memory in use after: 75.8 MB.

Unloading 5 unused Assets to reduce memory usage. Loaded Objects now: 1607.
Total: 3.103200 ms (FindLiveObjects: 0.361200 ms CreateObjectMapping: 0.104500 ms MarkObjects: 2.435300 ms  DeleteObjects: 0.199100 ms)

========================================================================
Received Prepare
Registering precompiled user dll's ...
Registered in 0.000792 seconds.
Begin MonoManager ReloadAssembly
Native extension for WindowsStandalone target not found
Refreshing native plugins compatible for Editor in 0.43 ms, found 0 plugins.
Preloading 0 native plugins for Editor in 0.00 ms.
Invoked RoslynAnalysisRunner static constructor.
RoslynAnalysisRunner will not be running.
RoslynAnalysisRunner has terminated.
Mono: successfully reloaded assembly
- Completed reload, in  0.757 seconds
Platform modules already initialized, skipping
Refreshing native plugins compatible for Editor in 0.43 ms, found 0 plugins.
Preloading 0 native plugins for Editor in 0.00 ms.
Unloading 1097 Unused Serialized files (Serialized files now loaded: 0)
System memory in use before: 75.7 MB.
System memory in use after: 75.8 MB.

Unloading 5 unused Assets to reduce memory usage. Loaded Objects now: 1609.
Total: 1.660100 ms (FindLiveObjects: 0.138100 ms CreateObjectMapping: 0.037000 ms MarkObjects: 1.404200 ms  DeleteObjects: 0.079500 ms)

========================================================================
Received Prepare
Registering precompiled user dll's ...
Registered in 0.000992 seconds.
Begin MonoManager ReloadAssembly
Native extension for WindowsStandalone target not found
Refreshing native plugins compatible for Editor in 0.45 ms, found 0 plugins.
Preloading 0 native plugins for Editor in 0.00 ms.
Invoked RoslynAnalysisRunner static constructor.
RoslynAnalysisRunner will not be running.
RoslynAnalysisRunner has terminated.
Mono: successfully reloaded assembly
- Completed reload, in  0.979 seconds
Platform modules already initialized, skipping
Refreshing native plugins compatible for Editor in 0.67 ms, found 0 plugins.
Preloading 0 native plugins for Editor in 0.00 ms.
Unloading 1097 Unused Serialized files (Serialized files now loaded: 0)
System memory in use before: 75.7 MB.
System memory in use after: 75.8 MB.

Unloading 5 unused Assets to reduce memory usage. Loaded Objects now: 1611.
Total: 3.271700 ms (FindLiveObjects: 0.463600 ms CreateObjectMapping: 0.124300 ms MarkObjects: 2.574000 ms  DeleteObjects: 0.108100 ms)

========================================================================
Received Import Request.
  Time since last request: 1427.249647 seconds.
  path: Assets/Script/Camera/EnemyManager.cs
  artifactKey: Guid(d3be41a6cfa46944f9067a953408678f) Importer(815301076,1909f56bfc062723c751e8b465ee728b)
Start importing Assets/Script/Camera/EnemyManager.cs using Guid(d3be41a6cfa46944f9067a953408678f) Importer(815301076,1909f56bfc062723c751e8b465ee728b)  -> (artifact id: 'd8c98bae5fa3600b3a0addfc1ebe4478') in 0.011082 seconds
  Import took 0.015362 seconds .

========================================================================
Received Import Request.
  Time since last request: 0.000897 seconds.
  path: Assets/Script/Camera/EnemyManager.cs
  artifactKey: Guid(d3be41a6cfa46944f9067a953408678f) Importer(815301076,1909f56bfc062723c751e8b465ee728b)
Start importing Assets/Script/Camera/EnemyManager.cs using Guid(d3be41a6cfa46944f9067a953408678f) Importer(815301076,1909f56bfc062723c751e8b465ee728b)  -> (artifact id: 'd8c98bae5fa3600b3a0addfc1ebe4478') in 0.003249 seconds
  Import took 0.008410 seconds .

========================================================================
Received Prepare
Registering precompiled user dll's ...
Registered in 0.000908 seconds.
Begin MonoManager ReloadAssembly
Native extension for WindowsStandalone target not found
Refreshing native plugins compatible for Editor in 0.77 ms, found 0 plugins.
Preloading 0 native plugins for Editor in 0.00 ms.
Invoked RoslynAnalysisRunner static constructor.
RoslynAnalysisRunner will not be running.
RoslynAnalysisRunner has terminated.
Mono: successfully reloaded assembly
- Completed reload, in  1.121 seconds
Platform modules already initialized, skipping
Refreshing native plugins compatible for Editor in 0.72 ms, found 0 plugins.
Preloading 0 native plugins for Editor in 0.00 ms.
Unloading 1098 Unused Serialized files (Serialized files now loaded: 0)
System memory in use before: 75.7 MB.
System memory in use after: 75.8 MB.

Unloading 5 unused Assets to reduce memory usage. Loaded Objects now: 1614.
Total: 2.097700 ms (FindLiveObjects: 0.317800 ms CreateObjectMapping: 0.035600 ms MarkObjects: 1.661400 ms  DeleteObjects: 0.081400 ms)

========================================================================
Received Prepare
Registering precompiled user dll's ...
Registered in 0.000965 seconds.
Begin MonoManager ReloadAssembly
Native extension for WindowsStandalone target not found
Refreshing native plugins compatible for Editor in 0.54 ms, found 0 plugins.
Preloading 0 native plugins for Editor in 0.00 ms.
Invoked RoslynAnalysisRunner static constructor.
RoslynAnalysisRunner will not be running.
RoslynAnalysisRunner has terminated.
Mono: successfully reloaded assembly
- Completed reload, in  0.964 seconds
Platform modules already initialized, skipping
Refreshing native plugins compatible for Editor in 0.75 ms, found 0 plugins.
Preloading 0 native plugins for Editor in 0.00 ms.
Unloading 1098 Unused Serialized files (Serialized files now loaded: 0)
System memory in use before: 75.7 MB.
System memory in use after: 75.8 MB.

Unloading 5 unused Assets to reduce memory usage. Loaded Objects now: 1616.
Total: 3.084300 ms (FindLiveObjects: 0.460800 ms CreateObjectMapping: 0.151500 ms MarkObjects: 2.376900 ms  DeleteObjects: 0.093100 ms)

========================================================================
Received Import Request.
  Time since last request: 363.750716 seconds.
  path: Assets/Script/Camera/EnemyManager.cs
  artifactKey: Guid(d3be41a6cfa46944f9067a953408678f) Importer(815301076,1909f56bfc062723c751e8b465ee728b)
Start importing Assets/Script/Camera/EnemyManager.cs using Guid(d3be41a6cfa46944f9067a953408678f) Importer(815301076,1909f56bfc062723c751e8b465ee728b)  -> (artifact id: '6c1e2ce36d0be86a730d44213b1a7f2d') in 0.009609 seconds
  Import took 0.012316 seconds .

========================================================================
Received Import Request.
  Time since last request: 1956.310233 seconds.
  path: Assets/Prefabs/Zombies/Original/Zombie_Bellboy_Male_01.prefab
  artifactKey: Guid(2165f6a67f710bc47a7cfc0882e7e964) Importer(815301076,1909f56bfc062723c751e8b465ee728b)
Start importing Assets/Prefabs/Zombies/Original/Zombie_Bellboy_Male_01.prefab using Guid(2165f6a67f710bc47a7cfc0882e7e964) Importer(815301076,1909f56bfc062723c751e8b465ee728b)  -> (artifact id: '13107b43319e2c091df7cf380f1fcdd8') in 2.239979 seconds
  Import took 2.281047 seconds .

========================================================================
Received Import Request.
  Time since last request: 0.000758 seconds.
  path: Assets/Prefabs/Zombies/Original/Zombie_Bellboy_Male_01.prefab
  artifactKey: Guid(2165f6a67f710bc47a7cfc0882e7e964) Importer(815301076,1909f56bfc062723c751e8b465ee728b)
Start importing Assets/Prefabs/Zombies/Original/Zombie_Bellboy_Male_01.prefab using Guid(2165f6a67f710bc47a7cfc0882e7e964) Importer(815301076,1909f56bfc062723c751e8b465ee728b)  -> (artifact id: '13107b43319e2c091df7cf380f1fcdd8') in 0.215326 seconds
  Import took 0.222824 seconds .

========================================================================
Received Prepare
Registering precompiled user dll's ...
Registered in 0.001254 seconds.
Begin MonoManager ReloadAssembly
Native extension for WindowsStandalone target not found
Refreshing native plugins compatible for Editor in 0.45 ms, found 0 plugins.
Preloading 0 native plugins for Editor in 0.00 ms.
Invoked RoslynAnalysisRunner static constructor.
RoslynAnalysisRunner will not be running.
RoslynAnalysisRunner has terminated.
Mono: successfully reloaded assembly
- Completed reload, in  0.982 seconds
Platform modules already initialized, skipping
Refreshing native plugins compatible for Editor in 0.48 ms, found 0 plugins.
Preloading 0 native plugins for Editor in 0.00 ms.
Unloading 1098 Unused Serialized files (Serialized files now loaded: 0)
System memory in use before: 89.8 MB.
System memory in use after: 89.9 MB.

Unloading 5 unused Assets to reduce memory usage. Loaded Objects now: 1626.
Total: 4.172000 ms (FindLiveObjects: 0.193800 ms CreateObjectMapping: 0.045100 ms MarkObjects: 3.825400 ms  DeleteObjects: 0.106500 ms)

========================================================================
Received Import Request.
  Time since last request: 178.180152 seconds.
  path: Assets/Prefabs/Zombies/Original/Zombie_Bellboy_Male_01.prefab
  artifactKey: Guid(2165f6a67f710bc47a7cfc0882e7e964) Importer(815301076,1909f56bfc062723c751e8b465ee728b)
Start importing Assets/Prefabs/Zombies/Original/Zombie_Bellboy_Male_01.prefab using Guid(2165f6a67f710bc47a7cfc0882e7e964) Importer(815301076,1909f56bfc062723c751e8b465ee728b)  -> (artifact id: 'c7806e29dfe237fc7314ebc6fb071e40') in 0.236508 seconds
  Import took 0.242076 seconds .

========================================================================
Received Import Request.
  Time since last request: 2.686706 seconds.
  path: Assets/Prefabs/Zombies/Original/Zombie_Bellboy_Male_01.prefab
  artifactKey: Guid(2165f6a67f710bc47a7cfc0882e7e964) Importer(815301076,1909f56bfc062723c751e8b465ee728b)
Start importing Assets/Prefabs/Zombies/Original/Zombie_Bellboy_Male_01.prefab using Guid(2165f6a67f710bc47a7cfc0882e7e964) Importer(815301076,1909f56bfc062723c751e8b465ee728b)  -> (artifact id: 'c7806e29dfe237fc7314ebc6fb071e40') in 0.143787 seconds
  Import took 0.150393 seconds .

========================================================================
Received Prepare
Registering precompiled user dll's ...
Registered in 0.001372 seconds.
Begin MonoManager ReloadAssembly
Native extension for WindowsStandalone target not found
Refreshing native plugins compatible for Editor in 0.49 ms, found 0 plugins.
Preloading 0 native plugins for Editor in 0.00 ms.
Invoked RoslynAnalysisRunner static constructor.
RoslynAnalysisRunner will not be running.
RoslynAnalysisRunner has terminated.
Mono: successfully reloaded assembly
- Completed reload, in  1.213 seconds
Platform modules already initialized, skipping
Refreshing native plugins compatible for Editor in 1.21 ms, found 0 plugins.
Preloading 0 native plugins for Editor in 0.00 ms.
Unloading 1098 Unused Serialized files (Serialized files now loaded: 0)
System memory in use before: 89.9 MB.
System memory in use after: 89.9 MB.

Unloading 5 unused Assets to reduce memory usage. Loaded Objects now: 1629.
Total: 2.808900 ms (FindLiveObjects: 0.410000 ms CreateObjectMapping: 0.102000 ms MarkObjects: 2.183000 ms  DeleteObjects: 0.110800 ms)

========================================================================
Received Import Request.
  Time since last request: 3080.088873 seconds.
  path: Assets/Art/Audio/Effects/GameOverClip.anim
  artifactKey: Guid(9d9d8c6ef2636de4987e957608bc6318) Importer(815301076,1909f56bfc062723c751e8b465ee728b)
Start importing Assets/Art/Audio/Effects/GameOverClip.anim using Guid(9d9d8c6ef2636de4987e957608bc6318) Importer(815301076,1909f56bfc062723c751e8b465ee728b)  -> (artifact id: '746a20ce0c4b516c675bad919c94ffcf') in 0.206560 seconds
  Import took 0.252235 seconds .

========================================================================
Received Import Request.
  Time since last request: 6.303252 seconds.
  path: Assets/Art/Audio/Mixers
  artifactKey: Guid(46426cc1ffa2bd0479e7571a8973ab50) Importer(815301076,1909f56bfc062723c751e8b465ee728b)
Start importing Assets/Art/Audio/Mixers using Guid(46426cc1ffa2bd0479e7571a8973ab50) Importer(815301076,1909f56bfc062723c751e8b465ee728b)  -> (artifact id: 'eb1c46202d3a04be0327ccedc8999db4') in 0.109122 seconds
  Import took 0.173122 seconds .

========================================================================
Received Import Request.
  Time since last request: 0.000420 seconds.
  path: Assets/Art/Audio/Mixers/MasterMixer.mixer
  artifactKey: Guid(5b84db49d40ea449aa4f3e3bd229ab5b) Importer(815301076,1909f56bfc062723c751e8b465ee728b)
Start importing Assets/Art/Audio/Mixers/MasterMixer.mixer using Guid(5b84db49d40ea449aa4f3e3bd229ab5b) Importer(815301076,1909f56bfc062723c751e8b465ee728b)  -> (artifact id: '5b15ff52b49ba844d698565370143396') in 0.103094 seconds
  Import took 0.133269 seconds .

========================================================================
Received Import Request.
  Time since last request: 0.000417 seconds.
  path: Assets/Art/Audio/Mixers/SoundEffects.mixer
  artifactKey: Guid(8434b04884c414ac6b468e10945685e6) Importer(815301076,1909f56bfc062723c751e8b465ee728b)
Start importing Assets/Art/Audio/Mixers/SoundEffects.mixer using Guid(8434b04884c414ac6b468e10945685e6) Importer(815301076,1909f56bfc062723c751e8b465ee728b)  -> (artifact id: '3c67fea10d7062ad567441d3be4e5e48') in 0.021134 seconds
  Import took 0.041921 seconds .

========================================================================
Received Import Request.
  Time since last request: 1.327942 seconds.
  path: Assets/Art/Audio/Music
  artifactKey: Guid(f59dd27a581e98c41b4a34c2c2f6dd30) Importer(815301076,1909f56bfc062723c751e8b465ee728b)
Start importing Assets/Art/Audio/Music using Guid(f59dd27a581e98c41b4a34c2c2f6dd30) Importer(815301076,1909f56bfc062723c751e8b465ee728b)  -> (artifact id: '5c2c219310eb53bdad09c739e1c3785d') in 0.002620 seconds
  Import took 0.122439 seconds .

========================================================================
Received Import Request.
  Time since last request: 162.221476 seconds.
  path: Assets/Art/Audio/Effects/HUDCanvas.controller
  artifactKey: Guid(d2202dbcfc9a8284480293992e682164) Importer(815301076,1909f56bfc062723c751e8b465ee728b)
Start importing Assets/Art/Audio/Effects/HUDCanvas.controller using Guid(d2202dbcfc9a8284480293992e682164) Importer(815301076,1909f56bfc062723c751e8b465ee728b)  -> (artifact id: '9b302d5099ddd3edc5f5eeb6df8e3c54') in 0.013765 seconds
  Import took 0.050919 seconds .

========================================================================
Received Import Request.
  Time since last request: 193.495833 seconds.
  path: Assets/Script/Camera/CameraFollow.cs
  artifactKey: Guid(ac20f64ccfc44df4e8c9b075005f4803) Importer(815301076,1909f56bfc062723c751e8b465ee728b)
Start importing Assets/Script/Camera/CameraFollow.cs using Guid(ac20f64ccfc44df4e8c9b075005f4803) Importer(815301076,1909f56bfc062723c751e8b465ee728b)  -> (artifact id: 'f6ba8006ce6f6ae2173e2638b0514a3c') in 0.002628 seconds
  Import took 0.067050 seconds .

========================================================================
Received Import Request.
  Time since last request: 0.787967 seconds.
  path: Assets/Script/Camera/ScoreManager.cs
  artifactKey: Guid(18a9fa774c893b44dbd81e33baa6b1fb) Importer(815301076,1909f56bfc062723c751e8b465ee728b)
Start importing Assets/Script/Camera/ScoreManager.cs using Guid(18a9fa774c893b44dbd81e33baa6b1fb) Importer(815301076,1909f56bfc062723c751e8b465ee728b)  -> (artifact id: '22c34d12dacdeddeb92dae4a80681f05') in 0.004552 seconds
  Import took 0.009682 seconds .

========================================================================
Received Import Request.
  Time since last request: 36.415796 seconds.
  path: Assets/Script/Camera/GameOverManger.cs
  artifactKey: Guid(22dfb012a184ca84e941db4fc4ee8104) Importer(815301076,1909f56bfc062723c751e8b465ee728b)
Start importing Assets/Script/Camera/GameOverManger.cs using Guid(22dfb012a184ca84e941db4fc4ee8104) Importer(815301076,1909f56bfc062723c751e8b465ee728b)  -> (artifact id: '71c1d92aca8c8f30898c7ff23457179e') in 0.005154 seconds
  Import took 0.017725 seconds .

========================================================================
Received Prepare
Registering precompiled user dll's ...
Registered in 0.000987 seconds.
Begin MonoManager ReloadAssembly
Native extension for WindowsStandalone target not found
Refreshing native plugins compatible for Editor in 0.56 ms, found 0 plugins.
Preloading 0 native plugins for Editor in 0.00 ms.
Invoked RoslynAnalysisRunner static constructor.
RoslynAnalysisRunner will not be running.
RoslynAnalysisRunner has terminated.
Mono: successfully reloaded assembly
- Completed reload, in  1.638 seconds
Platform modules already initialized, skipping
Refreshing native plugins compatible for Editor in 0.54 ms, found 0 plugins.
Preloading 0 native plugins for Editor in 0.00 ms.
Unloading 1099 Unused Serialized files (Serialized files now loaded: 0)
System memory in use before: 89.9 MB.
System memory in use after: 90.0 MB.

Unloading 5 unused Assets to reduce memory usage. Loaded Objects now: 1632.
Total: 3.107400 ms (FindLiveObjects: 0.324300 ms CreateObjectMapping: 0.067000 ms MarkObjects: 2.578400 ms  DeleteObjects: 0.134900 ms)

========================================================================
Received Prepare
Registering precompiled user dll's ...
Registered in 0.001011 seconds.
Begin MonoManager ReloadAssembly
Native extension for WindowsStandalone target not found
Refreshing native plugins compatible for Editor in 0.88 ms, found 0 plugins.
Preloading 0 native plugins for Editor in 0.00 ms.
Invoked RoslynAnalysisRunner static constructor.
RoslynAnalysisRunner will not be running.
RoslynAnalysisRunner has terminated.
Mono: successfully reloaded assembly
- Completed reload, in  1.111 seconds
Platform modules already initialized, skipping
Refreshing native plugins compatible for Editor in 0.48 ms, found 0 plugins.
Preloading 0 native plugins for Editor in 0.00 ms.
Unloading 1099 Unused Serialized files (Serialized files now loaded: 0)
System memory in use before: 89.9 MB.
System memory in use after: 90.0 MB.

Unloading 5 unused Assets to reduce memory usage. Loaded Objects now: 1634.
Total: 3.516900 ms (FindLiveObjects: 0.263100 ms CreateObjectMapping: 0.082600 ms MarkObjects: 3.080700 ms  DeleteObjects: 0.089200 ms)

========================================================================
Received Import Request.
  Time since last request: 550.349533 seconds.
  path: Assets/Script/Camera/GameOverManger.cs
  artifactKey: Guid(22dfb012a184ca84e941db4fc4ee8104) Importer(815301076,1909f56bfc062723c751e8b465ee728b)
Start importing Assets/Script/Camera/GameOverManger.cs using Guid(22dfb012a184ca84e941db4fc4ee8104) Importer(815301076,1909f56bfc062723c751e8b465ee728b)  -> (artifact id: '88fad18b516e5b091261bd2ce5cb67a9') in 0.005883 seconds
  Import took 0.035888 seconds .

========================================================================
Received Prepare
Registering precompiled user dll's ...
Registered in 0.001472 seconds.
Begin MonoManager ReloadAssembly
Native extension for WindowsStandalone target not found
Refreshing native plugins compatible for Editor in 0.42 ms, found 0 plugins.
Preloading 0 native plugins for Editor in 0.00 ms.
Invoked RoslynAnalysisRunner static constructor.
RoslynAnalysisRunner will not be running.
RoslynAnalysisRunner has terminated.
Mono: successfully reloaded assembly
- Completed reload, in  1.047 seconds
Platform modules already initialized, skipping
Refreshing native plugins compatible for Editor in 0.50 ms, found 0 plugins.
Preloading 0 native plugins for Editor in 0.00 ms.
Unloading 1099 Unused Serialized files (Serialized files now loaded: 0)
System memory in use before: 89.9 MB.
System memory in use after: 90.0 MB.

Unloading 5 unused Assets to reduce memory usage. Loaded Objects now: 1636.
Total: 3.734200 ms (FindLiveObjects: 0.381800 ms CreateObjectMapping: 0.101000 ms MarkObjects: 3.135800 ms  DeleteObjects: 0.111800 ms)

========================================================================
Received Prepare
Registering precompiled user dll's ...
Registered in 0.000929 seconds.
Begin MonoManager ReloadAssembly
Native extension for WindowsStandalone target not found
Refreshing native plugins compatible for Editor in 0.43 ms, found 0 plugins.
Preloading 0 native plugins for Editor in 0.00 ms.
Invoked RoslynAnalysisRunner static constructor.
RoslynAnalysisRunner will not be running.
RoslynAnalysisRunner has terminated.
Mono: successfully reloaded assembly
- Completed reload, in  0.820 seconds
Platform modules already initialized, skipping
Refreshing native plugins compatible for Editor in 1.20 ms, found 0 plugins.
Preloading 0 native plugins for Editor in 0.00 ms.
Unloading 1099 Unused Serialized files (Serialized files now loaded: 0)
System memory in use before: 89.9 MB.
System memory in use after: 90.0 MB.

Unloading 5 unused Assets to reduce memory usage. Loaded Objects now: 1638.
Total: 1.774300 ms (FindLiveObjects: 0.150700 ms CreateObjectMapping: 0.038500 ms MarkObjects: 1.504100 ms  DeleteObjects: 0.080000 ms)

========================================================================
Received Prepare
Registering precompiled user dll's ...
Registered in 0.000976 seconds.
Begin MonoManager ReloadAssembly
Native extension for WindowsStandalone target not found
Refreshing native plugins compatible for Editor in 0.41 ms, found 0 plugins.
Preloading 0 native plugins for Editor in 0.00 ms.
Invoked RoslynAnalysisRunner static constructor.
RoslynAnalysisRunner will not be running.
RoslynAnalysisRunner has terminated.
Mono: successfully reloaded assembly
- Completed reload, in  0.806 seconds
Platform modules already initialized, skipping
Refreshing native plugins compatible for Editor in 0.55 ms, found 0 plugins.
Preloading 0 native plugins for Editor in 0.00 ms.
Unloading 1099 Unused Serialized files (Serialized files now loaded: 0)
System memory in use before: 89.9 MB.
System memory in use after: 90.0 MB.

Unloading 5 unused Assets to reduce memory usage. Loaded Objects now: 1640.
Total: 1.954100 ms (FindLiveObjects: 0.296800 ms CreateObjectMapping: 0.071700 ms MarkObjects: 1.496000 ms  DeleteObjects: 0.087900 ms)

========================================================================
Received Prepare
Registering precompiled user dll's ...
Registered in 0.001742 seconds.
Begin MonoManager ReloadAssembly
Native extension for WindowsStandalone target not found
Refreshing native plugins compatible for Editor in 0.48 ms, found 0 plugins.
Preloading 0 native plugins for Editor in 0.00 ms.
Invoked RoslynAnalysisRunner static constructor.
RoslynAnalysisRunner will not be running.
RoslynAnalysisRunner has terminated.
Mono: successfully reloaded assembly
- Completed reload, in  0.836 seconds
Platform modules already initialized, skipping
Refreshing native plugins compatible for Editor in 0.48 ms, found 0 plugins.
Preloading 0 native plugins for Editor in 0.00 ms.
Unloading 1099 Unused Serialized files (Serialized files now loaded: 0)
System memory in use before: 89.9 MB.
System memory in use after: 90.0 MB.

Unloading 5 unused Assets to reduce memory usage. Loaded Objects now: 1642.
Total: 1.856000 ms (FindLiveObjects: 0.140600 ms CreateObjectMapping: 0.034700 ms MarkObjects: 1.553800 ms  DeleteObjects: 0.125700 ms)

========================================================================
Received Prepare
Registering precompiled user dll's ...
Registered in 0.001140 seconds.
Begin MonoManager ReloadAssembly
Native extension for WindowsStandalone target not found
Refreshing native plugins compatible for Editor in 0.48 ms, found 0 plugins.
Preloading 0 native plugins for Editor in 0.00 ms.
Invoked RoslynAnalysisRunner static constructor.
RoslynAnalysisRunner will not be running.
RoslynAnalysisRunner has terminated.
Mono: successfully reloaded assembly
- Completed reload, in  0.833 seconds
Platform modules already initialized, skipping
Refreshing native plugins compatible for Editor in 0.44 ms, found 0 plugins.
Preloading 0 native plugins for Editor in 0.00 ms.
Unloading 1099 Unused Serialized files (Serialized files now loaded: 0)
System memory in use before: 89.9 MB.
System memory in use after: 90.0 MB.

Unloading 5 unused Assets to reduce memory usage. Loaded Objects now: 1644.
Total: 3.102500 ms (FindLiveObjects: 0.336100 ms CreateObjectMapping: 0.081000 ms MarkObjects: 2.552700 ms  DeleteObjects: 0.130200 ms)

========================================================================
Received Prepare
Registering precompiled user dll's ...
Registered in 0.000828 seconds.
Begin MonoManager ReloadAssembly
Native extension for WindowsStandalone target not found
Refreshing native plugins compatible for Editor in 0.46 ms, found 0 plugins.
Preloading 0 native plugins for Editor in 0.00 ms.
Invoked RoslynAnalysisRunner static constructor.
RoslynAnalysisRunner will not be running.
RoslynAnalysisRunner has terminated.
Mono: successfully reloaded assembly
- Completed reload, in  0.776 seconds
Platform modules already initialized, skipping
Refreshing native plugins compatible for Editor in 0.46 ms, found 0 plugins.
Preloading 0 native plugins for Editor in 0.00 ms.
Unloading 1099 Unused Serialized files (Serialized files now loaded: 0)
System memory in use before: 89.9 MB.
System memory in use after: 90.0 MB.

Unloading 5 unused Assets to reduce memory usage. Loaded Objects now: 1646.
Total: 1.728200 ms (FindLiveObjects: 0.145300 ms CreateObjectMapping: 0.036300 ms MarkObjects: 1.465100 ms  DeleteObjects: 0.080300 ms)

========================================================================
Received Prepare
Registering precompiled user dll's ...
Registered in 0.001484 seconds.
Begin MonoManager ReloadAssembly
Native extension for WindowsStandalone target not found
Refreshing native plugins compatible for Editor in 0.44 ms, found 0 plugins.
Preloading 0 native plugins for Editor in 0.00 ms.
Invoked RoslynAnalysisRunner static constructor.
RoslynAnalysisRunner will not be running.
RoslynAnalysisRunner has terminated.
Mono: successfully reloaded assembly
- Completed reload, in  1.436 seconds
Platform modules already initialized, skipping
Refreshing native plugins compatible for Editor in 0.52 ms, found 0 plugins.
Preloading 0 native plugins for Editor in 0.00 ms.
Unloading 1099 Unused Serialized files (Serialized files now loaded: 0)
System memory in use before: 89.9 MB.
System memory in use after: 90.0 MB.

Unloading 5 unused Assets to reduce memory usage. Loaded Objects now: 1648.
Total: 1.980800 ms (FindLiveObjects: 0.157400 ms CreateObjectMapping: 0.045000 ms MarkObjects: 1.647800 ms  DeleteObjects: 0.129300 ms)

========================================================================
Received Prepare
Registering precompiled user dll's ...
Registered in 0.000806 seconds.
Begin MonoManager ReloadAssembly
Native extension for WindowsStandalone target not found
Refreshing native plugins compatible for Editor in 0.42 ms, found 0 plugins.
Preloading 0 native plugins for Editor in 0.00 ms.
Invoked RoslynAnalysisRunner static constructor.
RoslynAnalysisRunner will not be running.
RoslynAnalysisRunner has terminated.
Mono: successfully reloaded assembly
- Completed reload, in  1.541 seconds
Platform modules already initialized, skipping
Refreshing native plugins compatible for Editor in 0.78 ms, found 0 plugins.
Preloading 0 native plugins for Editor in 0.00 ms.
Unloading 1099 Unused Serialized files (Serialized files now loaded: 0)
System memory in use before: 89.9 MB.
System memory in use after: 90.0 MB.

Unloading 5 unused Assets to reduce memory usage. Loaded Objects now: 1650.
Total: 2.248800 ms (FindLiveObjects: 0.166100 ms CreateObjectMapping: 0.041500 ms MarkObjects: 1.907600 ms  DeleteObjects: 0.132200 ms)

========================================================================
Received Prepare
Registering precompiled user dll's ...
Registered in 0.000865 seconds.
Begin MonoManager ReloadAssembly
Native extension for WindowsStandalone target not found
Refreshing native plugins compatible for Editor in 0.42 ms, found 0 plugins.
Preloading 0 native plugins for Editor in 0.00 ms.
Invoked RoslynAnalysisRunner static constructor.
RoslynAnalysisRunner will not be running.
RoslynAnalysisRunner has terminated.
Mono: successfully reloaded assembly
- Completed reload, in  1.263 seconds
Platform modules already initialized, skipping
Refreshing native plugins compatible for Editor in 0.43 ms, found 0 plugins.
Preloading 0 native plugins for Editor in 0.00 ms.
Unloading 1099 Unused Serialized files (Serialized files now loaded: 0)
System memory in use before: 89.9 MB.
System memory in use after: 90.0 MB.

Unloading 5 unused Assets to reduce memory usage. Loaded Objects now: 1652.
Total: 1.571400 ms (FindLiveObjects: 0.155700 ms CreateObjectMapping: 0.034200 ms MarkObjects: 1.307500 ms  DeleteObjects: 0.072900 ms)

========================================================================
Received Prepare
Registering precompiled user dll's ...
Registered in 0.001247 seconds.
Begin MonoManager ReloadAssembly
Native extension for WindowsStandalone target not found
Refreshing native plugins compatible for Editor in 0.42 ms, found 0 plugins.
Preloading 0 native plugins for Editor in 0.00 ms.
Invoked RoslynAnalysisRunner static constructor.
RoslynAnalysisRunner will not be running.
RoslynAnalysisRunner has terminated.
Mono: successfully reloaded assembly
- Completed reload, in  0.950 seconds
Platform modules already initialized, skipping
Refreshing native plugins compatible for Editor in 0.46 ms, found 0 plugins.
Preloading 0 native plugins for Editor in 0.00 ms.
Unloading 1099 Unused Serialized files (Serialized files now loaded: 0)
System memory in use before: 89.9 MB.
System memory in use after: 90.0 MB.

Unloading 5 unused Assets to reduce memory usage. Loaded Objects now: 1654.
Total: 2.681400 ms (FindLiveObjects: 0.214800 ms CreateObjectMapping: 0.060200 ms MarkObjects: 2.280400 ms  DeleteObjects: 0.124200 ms)

========================================================================
Received Prepare
Registering precompiled user dll's ...
Registered in 0.000811 seconds.
Begin MonoManager ReloadAssembly
Native extension for WindowsStandalone target not found
Refreshing native plugins compatible for Editor in 0.42 ms, found 0 plugins.
Preloading 0 native plugins for Editor in 0.00 ms.
Invoked RoslynAnalysisRunner static constructor.
RoslynAnalysisRunner will not be running.
RoslynAnalysisRunner has terminated.
Mono: successfully reloaded assembly
- Completed reload, in  0.991 seconds
Platform modules already initialized, skipping
Refreshing native plugins compatible for Editor in 2.04 ms, found 0 plugins.
Preloading 0 native plugins for Editor in 0.00 ms.
Unloading 1099 Unused Serialized files (Serialized files now loaded: 0)
System memory in use before: 89.9 MB.
System memory in use after: 90.0 MB.

Unloading 5 unused Assets to reduce memory usage. Loaded Objects now: 1656.
Total: 61.087400 ms (FindLiveObjects: 0.456300 ms CreateObjectMapping: 0.047800 ms MarkObjects: 60.450500 ms  DeleteObjects: 0.128200 ms)

========================================================================
Received Prepare
Registering precompiled user dll's ...
Registered in 0.001138 seconds.
Begin MonoManager ReloadAssembly
Native extension for WindowsStandalone target not found
Refreshing native plugins compatible for Editor in 0.50 ms, found 0 plugins.
Preloading 0 native plugins for Editor in 0.00 ms.
Invoked RoslynAnalysisRunner static constructor.
RoslynAnalysisRunner will not be running.
RoslynAnalysisRunner has terminated.
Mono: successfully reloaded assembly
- Completed reload, in  1.172 seconds
Platform modules already initialized, skipping
Refreshing native plugins compatible for Editor in 0.55 ms, found 0 plugins.
Preloading 0 native plugins for Editor in 0.00 ms.
Unloading 1099 Unused Serialized files (Serialized files now loaded: 0)
System memory in use before: 89.9 MB.
System memory in use after: 90.0 MB.

Unloading 5 unused Assets to reduce memory usage. Loaded Objects now: 1658.
Total: 2.123100 ms (FindLiveObjects: 0.182500 ms CreateObjectMapping: 0.046400 ms MarkObjects: 1.799900 ms  DeleteObjects: 0.093200 ms)

========================================================================
Received Prepare
Registering precompiled user dll's ...
Registered in 0.001273 seconds.
Begin MonoManager ReloadAssembly
Native extension for WindowsStandalone target not found
Refreshing native plugins compatible for Editor in 0.44 ms, found 0 plugins.
Preloading 0 native plugins for Editor in 0.00 ms.
Invoked RoslynAnalysisRunner static constructor.
RoslynAnalysisRunner will not be running.
RoslynAnalysisRunner has terminated.
Mono: successfully reloaded assembly
- Completed reload, in  1.143 seconds
Platform modules already initialized, skipping
Refreshing native plugins compatible for Editor in 0.42 ms, found 0 plugins.
Preloading 0 native plugins for Editor in 0.00 ms.
Unloading 1099 Unused Serialized files (Serialized files now loaded: 0)
System memory in use before: 89.9 MB.
System memory in use after: 90.0 MB.

Unloading 5 unused Assets to reduce memory usage. Loaded Objects now: 1660.
Total: 1.901800 ms (FindLiveObjects: 0.168600 ms CreateObjectMapping: 0.053300 ms MarkObjects: 1.593200 ms  DeleteObjects: 0.085300 ms)

========================================================================
Received Prepare
Registering precompiled user dll's ...
Registered in 0.001210 seconds.
Begin MonoManager ReloadAssembly
Native extension for WindowsStandalone target not found
Refreshing native plugins compatible for Editor in 0.42 ms, found 0 plugins.
Preloading 0 native plugins for Editor in 0.00 ms.
Invoked RoslynAnalysisRunner static constructor.
RoslynAnalysisRunner will not be running.
RoslynAnalysisRunner has terminated.
Mono: successfully reloaded assembly
- Completed reload, in  1.046 seconds
Platform modules already initialized, skipping
Refreshing native plugins compatible for Editor in 0.46 ms, found 0 plugins.
Preloading 0 native plugins for Editor in 0.00 ms.
Unloading 1099 Unused Serialized files (Serialized files now loaded: 0)
System memory in use before: 89.9 MB.
System memory in use after: 90.0 MB.

Unloading 5 unused Assets to reduce memory usage. Loaded Objects now: 1662.
Total: 1.882900 ms (FindLiveObjects: 0.158300 ms CreateObjectMapping: 0.040400 ms MarkObjects: 1.598300 ms  DeleteObjects: 0.085000 ms)

