Using pre-set license
Built from '2020.2/release' branch; Version is '2020.2.1f1 (270dd8c3da1c) revision 2559448'; Using compiler version '192528614'; Build Type 'Release'
OS: 'Windows 10  (10.0.0) 64bit' Language: 'zh' Physical Memory: 8082 MB
BatchMode: 1, IsHumanControllingUs: 0, StartBugReporterOnCrash: 0, Is64bit: 1, IsPro: 0

 COMMAND LINE ARGUMENTS:
D:\Program Files\Unity\Editor\2020.2.1f1\Editor\Unity.exe
-adb2
-batchMode
-noUpm
-name
AssetImportWorker1
-projectPath
D:/Program Files/Unity/GAME3033_Final_Assignment
-logFile
Logs/AssetImportWorker1.log
-srvPort
54539
Successfully changed project path to: D:/Program Files/Unity/GAME3033_Final_Assignment
D:/Program Files/Unity/GAME3033_Final_Assignment
Using Asset Import Pipeline V2.
Refreshing native plugins compatible for Editor in 44.75 ms, found 0 plugins.
Preloading 0 native plugins for Editor in 0.00 ms.
Initialize engine version: 2020.2.1f1 (270dd8c3da1c)
[Subsystems] Discovering subsystems at path D:/Program Files/Unity/Editor/2020.2.1f1/Editor/Data/Resources/UnitySubsystems
[Subsystems] Discovering subsystems at path D:/Program Files/Unity/GAME3033_Final_Assignment/Assets
GfxDevice: creating device client; threaded=0
Direct3D:
    Version:  Direct3D 11.0 [level 11.1]
    Renderer: NVIDIA GeForce GTX 1060 (ID=0x1c20)
    Vendor:   
    VRAM:     6052 MB
    Driver:   27.21.14.6589
Initialize mono
Mono path[0] = 'D:/Program Files/Unity/Editor/2020.2.1f1/Editor/Data/Managed'
Mono path[1] = 'D:/Program Files/Unity/Editor/2020.2.1f1/Editor/Data/MonoBleedingEdge/lib/mono/unityjit'
Mono config path = 'D:/Program Files/Unity/Editor/2020.2.1f1/Editor/Data/MonoBleedingEdge/etc'
Using monoOptions --debugger-agent=transport=dt_socket,embedding=1,server=y,suspend=n,address=127.0.0.1:56644
Begin MonoManager ReloadAssembly
Registering precompiled unity dll's ...
Register platform support module: D:/Program Files/Unity/Editor/2020.2.1f1/Editor/Data/PlaybackEngines/WindowsStandaloneSupport/UnityEditor.WindowsStandalone.Extensions.dll
Registered in 0.002175 seconds.
Native extension for WindowsStandalone target not found
Refreshing native plugins compatible for Editor in 53.72 ms, found 0 plugins.
Preloading 0 native plugins for Editor in 0.00 ms.
Invoked RoslynAnalysisRunner static constructor.
RoslynAnalysisRunner will not be running.
RoslynAnalysisRunner has terminated.
Mono: successfully reloaded assembly
- Completed reload, in  1.088 seconds
Platform modules already initialized, skipping
Registering precompiled user dll's ...
Registered in 0.001126 seconds.
Begin MonoManager ReloadAssembly
Native extension for WindowsStandalone target not found
Refreshing native plugins compatible for Editor in 0.41 ms, found 0 plugins.
Preloading 0 native plugins for Editor in 0.00 ms.
Invoked RoslynAnalysisRunner static constructor.
RoslynAnalysisRunner will not be running.
RoslynAnalysisRunner has terminated.
Mono: successfully reloaded assembly
- Completed reload, in  2.234 seconds
Platform modules already initialized, skipping
========================================================================
Worker process is ready to serve import requests
Launched and connected shader compiler UnityShaderCompiler.exe after 0.02 seconds
Refreshing native plugins compatible for Editor in 0.47 ms, found 0 plugins.
Preloading 0 native plugins for Editor in 0.00 ms.
Unloading 1109 Unused Serialized files (Serialized files now loaded: 0)
System memory in use before: 75.5 MB.
System memory in use after: 75.5 MB.

Unloading 10 unused Assets to reduce memory usage. Loaded Objects now: 1575.
Total: 4.187800 ms (FindLiveObjects: 0.280200 ms CreateObjectMapping: 0.091500 ms MarkObjects: 3.429300 ms  DeleteObjects: 0.384700 ms)

========================================================================
Received Import Request.
  path: Assets/Art/FirstAID_low.fbx
  artifactKey: Guid(1f07afb72d2c6784d8f1d21870290ec6) Importer(815301076,1909f56bfc062723c751e8b465ee728b)
Start importing Assets/Art/FirstAID_low.fbx using Guid(1f07afb72d2c6784d8f1d21870290ec6) Importer(815301076,1909f56bfc062723c751e8b465ee728b)  -> (artifact id: '53ee7ad32a046b5ec1d30b66a4dbd8ae') in 1.648645 seconds
  Import took 1.733175 seconds .

========================================================================
Received Import Request.
  Time since last request: 0.001393 seconds.
  path: Assets/Art/FirstAID_low.fbx
  artifactKey: Guid(1f07afb72d2c6784d8f1d21870290ec6) Importer(815301076,1909f56bfc062723c751e8b465ee728b)
Start importing Assets/Art/FirstAID_low.fbx using Guid(1f07afb72d2c6784d8f1d21870290ec6) Importer(815301076,1909f56bfc062723c751e8b465ee728b)  -> (artifact id: '53ee7ad32a046b5ec1d30b66a4dbd8ae') in 0.130833 seconds
  Import took 0.182597 seconds .

========================================================================
Received Import Request.
  Time since last request: 79.359913 seconds.
  path: Assets/Art/Textures/FirstAIDTextures
  artifactKey: Guid(58257de70065bc34581299612ebf9800) Importer(815301076,1909f56bfc062723c751e8b465ee728b)
Start importing Assets/Art/Textures/FirstAIDTextures using Guid(58257de70065bc34581299612ebf9800) Importer(815301076,1909f56bfc062723c751e8b465ee728b)  -> (artifact id: 'c799fefff2a52b7cced65de55c264548') in 0.002639 seconds
  Import took 0.021207 seconds .

========================================================================
Received Import Request.
  Time since last request: 0.073197 seconds.
  path: Assets/Art/Textures/FirstAIDTextures/FirstAID_low_lambert1_AO.png
  artifactKey: Guid(cc479dfcfa73a55429d91d0c76959073) Importer(815301076,1909f56bfc062723c751e8b465ee728b)
Start importing Assets/Art/Textures/FirstAIDTextures/FirstAID_low_lambert1_AO.png using Guid(cc479dfcfa73a55429d91d0c76959073) Importer(815301076,1909f56bfc062723c751e8b465ee728b)  -> (artifact id: 'd7158bc61e80a3a4e6b09cd994cb6856') in 0.072746 seconds
  Import took 0.098173 seconds .

========================================================================
Received Import Request.
  Time since last request: 0.000367 seconds.
  path: Assets/Art/Textures/FirstAIDTextures/FirstAID_low_lambert1_Metallic.png
  artifactKey: Guid(8a91c7e3b2bd79047ae66c4aa106d43d) Importer(815301076,1909f56bfc062723c751e8b465ee728b)
Start importing Assets/Art/Textures/FirstAIDTextures/FirstAID_low_lambert1_Metallic.png using Guid(8a91c7e3b2bd79047ae66c4aa106d43d) Importer(815301076,1909f56bfc062723c751e8b465ee728b)  -> (artifact id: '0c1715c89c3b8973fe08ed6ba0b6a5dc') in 0.007569 seconds
  Import took 0.028263 seconds .

========================================================================
Received Import Request.
  Time since last request: 0.000344 seconds.
  path: Assets/Art/Textures/FirstAIDTextures/FirstAID_low_lambert1_BaseColor.png
  artifactKey: Guid(b8f09f02aea63e5419ef9239b50784e2) Importer(815301076,1909f56bfc062723c751e8b465ee728b)
Start importing Assets/Art/Textures/FirstAIDTextures/FirstAID_low_lambert1_BaseColor.png using Guid(b8f09f02aea63e5419ef9239b50784e2) Importer(815301076,1909f56bfc062723c751e8b465ee728b)  -> (artifact id: '3a40300440a585ebb7d227a415988052') in 0.007494 seconds
  Import took 0.059614 seconds .

========================================================================
Received Import Request.
  Time since last request: 0.000334 seconds.
  path: Assets/Art/Textures/FirstAIDTextures/FirstAID_low_lambert1_Normal.png
  artifactKey: Guid(c727a3c2319f99c48815933f5b605a54) Importer(815301076,1909f56bfc062723c751e8b465ee728b)
Start importing Assets/Art/Textures/FirstAIDTextures/FirstAID_low_lambert1_Normal.png using Guid(c727a3c2319f99c48815933f5b605a54) Importer(815301076,1909f56bfc062723c751e8b465ee728b)  -> (artifact id: '9ebfc89f89a794871d321b99cb440a5c') in 0.021333 seconds
  Import took 0.040838 seconds .

========================================================================
Received Import Request.
  Time since last request: 0.000351 seconds.
  path: Assets/Art/Textures/FirstAIDTextures/FirstAID_low_lambert1_Roughness.png
  artifactKey: Guid(a37b561f226e9bc45b1e3e42efc4aebc) Importer(815301076,1909f56bfc062723c751e8b465ee728b)
Start importing Assets/Art/Textures/FirstAIDTextures/FirstAID_low_lambert1_Roughness.png using Guid(a37b561f226e9bc45b1e3e42efc4aebc) Importer(815301076,1909f56bfc062723c751e8b465ee728b)  -> (artifact id: '078b78a84974ffbfb35ff37866d017dd') in 0.006756 seconds
  Import took 0.030794 seconds .

========================================================================
Received Import Request.
  Time since last request: 0.001725 seconds.
  path: Assets/Art/Textures/FirstAIDTextures/FirstAID_low_lambert1_Roughness.png
  artifactKey: Guid(a37b561f226e9bc45b1e3e42efc4aebc) Importer(815301076,1909f56bfc062723c751e8b465ee728b)
Start importing Assets/Art/Textures/FirstAIDTextures/FirstAID_low_lambert1_Roughness.png using Guid(a37b561f226e9bc45b1e3e42efc4aebc) Importer(815301076,1909f56bfc062723c751e8b465ee728b)  -> (artifact id: '078b78a84974ffbfb35ff37866d017dd') in 0.007387 seconds
  Import took 0.009763 seconds .

========================================================================
Received Import Request.
  Time since last request: 272.569462 seconds.
  path: Assets/Script/Player/PlayerMovement.cs
  artifactKey: Guid(2e51b5e39fcd0b849883c3b62a25853a) Importer(815301076,1909f56bfc062723c751e8b465ee728b)
Start importing Assets/Script/Player/PlayerMovement.cs using Guid(2e51b5e39fcd0b849883c3b62a25853a) Importer(815301076,1909f56bfc062723c751e8b465ee728b)  -> (artifact id: 'ed46e4cd690282cfadbd2ef219b00e1d') in 0.030911 seconds
  Import took 0.042411 seconds .

========================================================================
Received Import Request.
  Time since last request: 0.001135 seconds.
  path: Assets/Script/Player/PlayerMovement.cs
  artifactKey: Guid(2e51b5e39fcd0b849883c3b62a25853a) Importer(815301076,1909f56bfc062723c751e8b465ee728b)
Start importing Assets/Script/Player/PlayerMovement.cs using Guid(2e51b5e39fcd0b849883c3b62a25853a) Importer(815301076,1909f56bfc062723c751e8b465ee728b)  -> (artifact id: 'ed46e4cd690282cfadbd2ef219b00e1d') in 0.002883 seconds
  Import took 0.005445 seconds .

========================================================================
Received Import Request.
  Time since last request: 198.978000 seconds.
  path: Assets/Fonts/LuckiestGuy.ttf
  artifactKey: Guid(46238fb1ad7a7a84ba8954c1c860994c) Importer(815301076,1909f56bfc062723c751e8b465ee728b)
Start importing Assets/Fonts/LuckiestGuy.ttf using Guid(46238fb1ad7a7a84ba8954c1c860994c) Importer(815301076,1909f56bfc062723c751e8b465ee728b)  -> (artifact id: '55e8a24787705f13ccdb7375b213e135') in 0.150966 seconds
  Import took 0.181062 seconds .

========================================================================
Received Import Request.
  Time since last request: 0.001255 seconds.
  path: Assets/Fonts/LuckiestGuy.ttf
  artifactKey: Guid(46238fb1ad7a7a84ba8954c1c860994c) Importer(815301076,1909f56bfc062723c751e8b465ee728b)
Start importing Assets/Fonts/LuckiestGuy.ttf using Guid(46238fb1ad7a7a84ba8954c1c860994c) Importer(815301076,1909f56bfc062723c751e8b465ee728b)  -> (artifact id: '55e8a24787705f13ccdb7375b213e135') in 0.011139 seconds
  Import took 0.013659 seconds .

========================================================================
Received Import Request.
  Time since last request: 206.948459 seconds.
  path: Assets/Art/spr_sheet_boxes.png
  artifactKey: Guid(3f39cf65f2df73f4995e9830973ea28e) Importer(815301076,1909f56bfc062723c751e8b465ee728b)
Start importing Assets/Art/spr_sheet_boxes.png using Guid(3f39cf65f2df73f4995e9830973ea28e) Importer(815301076,1909f56bfc062723c751e8b465ee728b)  -> (artifact id: '50a71a0bd569def75f79b5b9ccccde1b') in 0.041033 seconds
  Import took 0.058107 seconds .

========================================================================
Received Import Request.
  Time since last request: 17.138962 seconds.
  path: Assets/Art/spr_sheet_boxes.png
  artifactKey: Guid(3f39cf65f2df73f4995e9830973ea28e) Importer(815301076,1909f56bfc062723c751e8b465ee728b)
Start importing Assets/Art/spr_sheet_boxes.png using Guid(3f39cf65f2df73f4995e9830973ea28e) Importer(815301076,1909f56bfc062723c751e8b465ee728b)  -> (artifact id: 'b1b308a85020311407aec909bf64f240') in 0.009981 seconds
  Import took 0.050534 seconds .

========================================================================
Received Import Request.
  Time since last request: 30.014596 seconds.
  path: Assets/Art/spr_sheet_boxes.png
  artifactKey: Guid(3f39cf65f2df73f4995e9830973ea28e) Importer(815301076,1909f56bfc062723c751e8b465ee728b)
Start importing Assets/Art/spr_sheet_boxes.png using Guid(3f39cf65f2df73f4995e9830973ea28e) Importer(815301076,1909f56bfc062723c751e8b465ee728b)  -> (artifact id: 'ca9c1b936d11af8186097f0489f889aa') in 0.008023 seconds
  Import took 0.020817 seconds .

========================================================================
Received Import Request.
  Time since last request: 19.154578 seconds.
  path: Assets/Art/spr_sheet_boxes.png
  artifactKey: Guid(3f39cf65f2df73f4995e9830973ea28e) Importer(815301076,1909f56bfc062723c751e8b465ee728b)
Start importing Assets/Art/spr_sheet_boxes.png using Guid(3f39cf65f2df73f4995e9830973ea28e) Importer(815301076,1909f56bfc062723c751e8b465ee728b)  -> (artifact id: '1354763356bf678ac168a6682cfa3ca5') in 0.125082 seconds
  Import took 0.181140 seconds .

========================================================================
Received Import Request.
  Time since last request: 21.351413 seconds.
  path: Assets/Art/spr_sheet_boxes.png
  artifactKey: Guid(3f39cf65f2df73f4995e9830973ea28e) Importer(815301076,1909f56bfc062723c751e8b465ee728b)
Start importing Assets/Art/spr_sheet_boxes.png using Guid(3f39cf65f2df73f4995e9830973ea28e) Importer(815301076,1909f56bfc062723c751e8b465ee728b)  -> (artifact id: '201e6d4be2e0946824917f5f4e6fe575') in 0.020827 seconds
  Import took 0.023134 seconds .

========================================================================
Received Import Request.
  Time since last request: 8.903111 seconds.
  path: Assets/Art/spr_sheet_boxes.png
  artifactKey: Guid(3f39cf65f2df73f4995e9830973ea28e) Importer(815301076,1909f56bfc062723c751e8b465ee728b)
Start importing Assets/Art/spr_sheet_boxes.png using Guid(3f39cf65f2df73f4995e9830973ea28e) Importer(815301076,1909f56bfc062723c751e8b465ee728b)  -> (artifact id: '6337796f118cd285529fa4e98f450dae') in 0.008328 seconds
  Import took 0.065483 seconds .

========================================================================
Received Prepare
Registering precompiled user dll's ...
Registered in 0.000772 seconds.
Begin MonoManager ReloadAssembly
Native extension for WindowsStandalone target not found
Refreshing native plugins compatible for Editor in 0.43 ms, found 0 plugins.
Preloading 0 native plugins for Editor in 0.00 ms.
Invoked RoslynAnalysisRunner static constructor.
RoslynAnalysisRunner will not be running.
RoslynAnalysisRunner has terminated.
Mono: successfully reloaded assembly
- Completed reload, in  0.718 seconds
Platform modules already initialized, skipping
Refreshing native plugins compatible for Editor in 0.63 ms, found 0 plugins.
Preloading 0 native plugins for Editor in 0.00 ms.
Unloading 1100 Unused Serialized files (Serialized files now loaded: 0)
System memory in use before: 79.8 MB.
System memory in use after: 79.9 MB.

Unloading 5 unused Assets to reduce memory usage. Loaded Objects now: 1628.
Total: 2.800700 ms (FindLiveObjects: 0.193500 ms CreateObjectMapping: 0.052100 ms MarkObjects: 2.323600 ms  DeleteObjects: 0.229900 ms)

========================================================================
Received Prepare
Registering precompiled user dll's ...
Registered in 0.002224 seconds.
Begin MonoManager ReloadAssembly
Native extension for WindowsStandalone target not found
Refreshing native plugins compatible for Editor in 0.42 ms, found 0 plugins.
Preloading 0 native plugins for Editor in 0.00 ms.
Invoked RoslynAnalysisRunner static constructor.
RoslynAnalysisRunner will not be running.
RoslynAnalysisRunner has terminated.
Mono: successfully reloaded assembly
- Completed reload, in  0.786 seconds
Platform modules already initialized, skipping
Refreshing native plugins compatible for Editor in 0.59 ms, found 0 plugins.
Preloading 0 native plugins for Editor in 0.00 ms.
Unloading 1100 Unused Serialized files (Serialized files now loaded: 0)
System memory in use before: 79.8 MB.
System memory in use after: 79.9 MB.

Unloading 5 unused Assets to reduce memory usage. Loaded Objects now: 1630.
Total: 1.875400 ms (FindLiveObjects: 0.163100 ms CreateObjectMapping: 0.047100 ms MarkObjects: 1.540700 ms  DeleteObjects: 0.123400 ms)

========================================================================
Received Import Request.
  Time since last request: 1283.147237 seconds.
  path: Assets/Script/Camera/FirstAIDTake.cs
  artifactKey: Guid(38c0249d42b9a0d4288039f629088d17) Importer(815301076,1909f56bfc062723c751e8b465ee728b)
Start importing Assets/Script/Camera/FirstAIDTake.cs using Guid(38c0249d42b9a0d4288039f629088d17) Importer(815301076,1909f56bfc062723c751e8b465ee728b)  -> (artifact id: '74facda28866c56aa87a8597da9407e6') in 0.006846 seconds
  Import took 0.039993 seconds .

========================================================================
Received Prepare
Registering precompiled user dll's ...
Registered in 0.001178 seconds.
Begin MonoManager ReloadAssembly
Native extension for WindowsStandalone target not found
Refreshing native plugins compatible for Editor in 0.80 ms, found 0 plugins.
Preloading 0 native plugins for Editor in 0.00 ms.
Invoked RoslynAnalysisRunner static constructor.
RoslynAnalysisRunner will not be running.
RoslynAnalysisRunner has terminated.
Mono: successfully reloaded assembly
- Completed reload, in  0.848 seconds
Platform modules already initialized, skipping
Refreshing native plugins compatible for Editor in 0.44 ms, found 0 plugins.
Preloading 0 native plugins for Editor in 0.00 ms.
Unloading 1101 Unused Serialized files (Serialized files now loaded: 0)
System memory in use before: 79.9 MB.
System memory in use after: 79.9 MB.

Unloading 5 unused Assets to reduce memory usage. Loaded Objects now: 1633.
Total: 1.704400 ms (FindLiveObjects: 0.205300 ms CreateObjectMapping: 0.040500 ms MarkObjects: 1.339600 ms  DeleteObjects: 0.117900 ms)

========================================================================
Received Prepare
Registering precompiled user dll's ...
Registered in 0.001667 seconds.
Begin MonoManager ReloadAssembly
Native extension for WindowsStandalone target not found
Refreshing native plugins compatible for Editor in 0.42 ms, found 0 plugins.
Preloading 0 native plugins for Editor in 0.00 ms.
Invoked RoslynAnalysisRunner static constructor.
RoslynAnalysisRunner will not be running.
RoslynAnalysisRunner has terminated.
Mono: successfully reloaded assembly
- Completed reload, in  0.796 seconds
Platform modules already initialized, skipping
Refreshing native plugins compatible for Editor in 0.44 ms, found 0 plugins.
Preloading 0 native plugins for Editor in 0.00 ms.
Unloading 1101 Unused Serialized files (Serialized files now loaded: 0)
System memory in use before: 79.9 MB.
System memory in use after: 80.0 MB.

Unloading 5 unused Assets to reduce memory usage. Loaded Objects now: 1635.
Total: 3.316800 ms (FindLiveObjects: 0.297600 ms CreateObjectMapping: 0.060200 ms MarkObjects: 2.754400 ms  DeleteObjects: 0.200000 ms)

========================================================================
Received Import Request.
  Time since last request: 875.918249 seconds.
  path: Assets/Script/Camera/FirstAIDTake.cs
  artifactKey: Guid(38c0249d42b9a0d4288039f629088d17) Importer(815301076,1909f56bfc062723c751e8b465ee728b)
Start importing Assets/Script/Camera/FirstAIDTake.cs using Guid(38c0249d42b9a0d4288039f629088d17) Importer(815301076,1909f56bfc062723c751e8b465ee728b)  -> (artifact id: 'f7be910958f9e59f51fdbeb0c24e77b5') in 0.007212 seconds
  Import took 0.079546 seconds .

========================================================================
Received Prepare
Registering precompiled user dll's ...
Registered in 0.001049 seconds.
Begin MonoManager ReloadAssembly
Native extension for WindowsStandalone target not found
Refreshing native plugins compatible for Editor in 0.42 ms, found 0 plugins.
Preloading 0 native plugins for Editor in 0.00 ms.
Invoked RoslynAnalysisRunner static constructor.
RoslynAnalysisRunner will not be running.
RoslynAnalysisRunner has terminated.
Mono: successfully reloaded assembly
- Completed reload, in  0.805 seconds
Platform modules already initialized, skipping
Refreshing native plugins compatible for Editor in 0.42 ms, found 0 plugins.
Preloading 0 native plugins for Editor in 0.00 ms.
Unloading 1101 Unused Serialized files (Serialized files now loaded: 0)
System memory in use before: 79.9 MB.
System memory in use after: 80.0 MB.

Unloading 5 unused Assets to reduce memory usage. Loaded Objects now: 1637.
Total: 1.704100 ms (FindLiveObjects: 0.131900 ms CreateObjectMapping: 0.033100 ms MarkObjects: 1.413700 ms  DeleteObjects: 0.124600 ms)

========================================================================
Received Import Request.
  Time since last request: 107.105737 seconds.
  path: Assets/Script/Camera/FirstAIDTake.cs
  artifactKey: Guid(38c0249d42b9a0d4288039f629088d17) Importer(815301076,1909f56bfc062723c751e8b465ee728b)
Start importing Assets/Script/Camera/FirstAIDTake.cs using Guid(38c0249d42b9a0d4288039f629088d17) Importer(815301076,1909f56bfc062723c751e8b465ee728b)  -> (artifact id: '8e020b17d9f20776623244d0ebae8dea') in 0.004222 seconds
  Import took 0.038718 seconds .

========================================================================
Received Prepare
Registering precompiled user dll's ...
Registered in 0.000987 seconds.
Begin MonoManager ReloadAssembly
Native extension for WindowsStandalone target not found
Refreshing native plugins compatible for Editor in 0.41 ms, found 0 plugins.
Preloading 0 native plugins for Editor in 0.00 ms.
Invoked RoslynAnalysisRunner static constructor.
RoslynAnalysisRunner will not be running.
RoslynAnalysisRunner has terminated.
Mono: successfully reloaded assembly
- Completed reload, in  0.910 seconds
Platform modules already initialized, skipping
Refreshing native plugins compatible for Editor in 0.48 ms, found 0 plugins.
Preloading 0 native plugins for Editor in 0.00 ms.
Unloading 1101 Unused Serialized files (Serialized files now loaded: 0)
System memory in use before: 79.9 MB.
System memory in use after: 80.0 MB.

Unloading 5 unused Assets to reduce memory usage. Loaded Objects now: 1639.
Total: 1.972900 ms (FindLiveObjects: 0.147600 ms CreateObjectMapping: 0.042000 ms MarkObjects: 1.654400 ms  DeleteObjects: 0.127600 ms)

========================================================================
Received Prepare
Registering precompiled user dll's ...
Registered in 0.001012 seconds.
Begin MonoManager ReloadAssembly
Native extension for WindowsStandalone target not found
Refreshing native plugins compatible for Editor in 0.43 ms, found 0 plugins.
Preloading 0 native plugins for Editor in 0.00 ms.
Invoked RoslynAnalysisRunner static constructor.
RoslynAnalysisRunner will not be running.
RoslynAnalysisRunner has terminated.
Mono: successfully reloaded assembly
- Completed reload, in  0.781 seconds
Platform modules already initialized, skipping
Refreshing native plugins compatible for Editor in 0.45 ms, found 0 plugins.
Preloading 0 native plugins for Editor in 0.00 ms.
Unloading 1101 Unused Serialized files (Serialized files now loaded: 0)
System memory in use before: 79.9 MB.
System memory in use after: 80.0 MB.

Unloading 5 unused Assets to reduce memory usage. Loaded Objects now: 1641.
Total: 1.874600 ms (FindLiveObjects: 0.153100 ms CreateObjectMapping: 0.040300 ms MarkObjects: 1.556200 ms  DeleteObjects: 0.123800 ms)

========================================================================
Received Prepare
Registering precompiled user dll's ...
Registered in 0.000962 seconds.
Begin MonoManager ReloadAssembly
Native extension for WindowsStandalone target not found
Refreshing native plugins compatible for Editor in 0.47 ms, found 0 plugins.
Preloading 0 native plugins for Editor in 0.00 ms.
Invoked RoslynAnalysisRunner static constructor.
RoslynAnalysisRunner will not be running.
RoslynAnalysisRunner has terminated.
Mono: successfully reloaded assembly
- Completed reload, in  0.772 seconds
Platform modules already initialized, skipping
Refreshing native plugins compatible for Editor in 0.51 ms, found 0 plugins.
Preloading 0 native plugins for Editor in 0.00 ms.
Unloading 1101 Unused Serialized files (Serialized files now loaded: 0)
System memory in use before: 79.9 MB.
System memory in use after: 80.0 MB.

Unloading 5 unused Assets to reduce memory usage. Loaded Objects now: 1643.
Total: 2.328600 ms (FindLiveObjects: 0.378000 ms CreateObjectMapping: 0.061600 ms MarkObjects: 1.750200 ms  DeleteObjects: 0.137600 ms)

========================================================================
Received Import Request.
  Time since last request: 577.976973 seconds.
  path: Assets/Script/Camera/FirstAIDTake.cs
  artifactKey: Guid(38c0249d42b9a0d4288039f629088d17) Importer(815301076,1909f56bfc062723c751e8b465ee728b)
Start importing Assets/Script/Camera/FirstAIDTake.cs using Guid(38c0249d42b9a0d4288039f629088d17) Importer(815301076,1909f56bfc062723c751e8b465ee728b)  -> (artifact id: 'fafb474c00ff03d055a15a05e0681d24') in 0.004814 seconds
  Import took 0.114715 seconds .

========================================================================
Received Prepare
Registering precompiled user dll's ...
Registered in 0.000963 seconds.
Begin MonoManager ReloadAssembly
Native extension for WindowsStandalone target not found
Refreshing native plugins compatible for Editor in 0.57 ms, found 0 plugins.
Preloading 0 native plugins for Editor in 0.00 ms.
Invoked RoslynAnalysisRunner static constructor.
RoslynAnalysisRunner will not be running.
RoslynAnalysisRunner has terminated.
Mono: successfully reloaded assembly
- Completed reload, in  0.865 seconds
Platform modules already initialized, skipping
Refreshing native plugins compatible for Editor in 0.44 ms, found 0 plugins.
Preloading 0 native plugins for Editor in 0.00 ms.
Unloading 1101 Unused Serialized files (Serialized files now loaded: 0)
System memory in use before: 79.9 MB.
System memory in use after: 80.0 MB.

Unloading 5 unused Assets to reduce memory usage. Loaded Objects now: 1645.
Total: 1.773700 ms (FindLiveObjects: 0.200700 ms CreateObjectMapping: 0.055800 ms MarkObjects: 1.391500 ms  DeleteObjects: 0.124100 ms)

========================================================================
Received Prepare
Registering precompiled user dll's ...
Registered in 0.001008 seconds.
Begin MonoManager ReloadAssembly
Native extension for WindowsStandalone target not found
Refreshing native plugins compatible for Editor in 0.43 ms, found 0 plugins.
Preloading 0 native plugins for Editor in 0.00 ms.
Invoked RoslynAnalysisRunner static constructor.
RoslynAnalysisRunner will not be running.
RoslynAnalysisRunner has terminated.
Mono: successfully reloaded assembly
- Completed reload, in  0.842 seconds
Platform modules already initialized, skipping
Refreshing native plugins compatible for Editor in 0.42 ms, found 0 plugins.
Preloading 0 native plugins for Editor in 0.00 ms.
Unloading 1101 Unused Serialized files (Serialized files now loaded: 0)
System memory in use before: 79.9 MB.
System memory in use after: 80.0 MB.

Unloading 5 unused Assets to reduce memory usage. Loaded Objects now: 1647.
Total: 1.826700 ms (FindLiveObjects: 0.180200 ms CreateObjectMapping: 0.070600 ms MarkObjects: 1.433000 ms  DeleteObjects: 0.141700 ms)

========================================================================
Received Prepare
Registering precompiled user dll's ...
Registered in 0.000931 seconds.
Begin MonoManager ReloadAssembly
Native extension for WindowsStandalone target not found
Refreshing native plugins compatible for Editor in 0.46 ms, found 0 plugins.
Preloading 0 native plugins for Editor in 0.00 ms.
Invoked RoslynAnalysisRunner static constructor.
RoslynAnalysisRunner will not be running.
RoslynAnalysisRunner has terminated.
Mono: successfully reloaded assembly
- Completed reload, in  0.839 seconds
Platform modules already initialized, skipping
Refreshing native plugins compatible for Editor in 0.52 ms, found 0 plugins.
Preloading 0 native plugins for Editor in 0.00 ms.
Unloading 1101 Unused Serialized files (Serialized files now loaded: 0)
System memory in use before: 79.9 MB.
System memory in use after: 80.0 MB.

Unloading 5 unused Assets to reduce memory usage. Loaded Objects now: 1649.
Total: 1.775400 ms (FindLiveObjects: 0.136500 ms CreateObjectMapping: 0.033100 ms MarkObjects: 1.481400 ms  DeleteObjects: 0.123400 ms)

========================================================================
Received Prepare
Registering precompiled user dll's ...
Registered in 0.001105 seconds.
Begin MonoManager ReloadAssembly
Native extension for WindowsStandalone target not found
Refreshing native plugins compatible for Editor in 0.41 ms, found 0 plugins.
Preloading 0 native plugins for Editor in 0.00 ms.
Invoked RoslynAnalysisRunner static constructor.
RoslynAnalysisRunner will not be running.
RoslynAnalysisRunner has terminated.
Mono: successfully reloaded assembly
- Completed reload, in  0.731 seconds
Platform modules already initialized, skipping
Refreshing native plugins compatible for Editor in 0.54 ms, found 0 plugins.
Preloading 0 native plugins for Editor in 0.00 ms.
Unloading 1101 Unused Serialized files (Serialized files now loaded: 0)
System memory in use before: 80.0 MB.
System memory in use after: 80.0 MB.

Unloading 5 unused Assets to reduce memory usage. Loaded Objects now: 1651.
Total: 2.143300 ms (FindLiveObjects: 0.387600 ms CreateObjectMapping: 0.051200 ms MarkObjects: 1.574000 ms  DeleteObjects: 0.129300 ms)

========================================================================
Received Prepare
Registering precompiled user dll's ...
Registered in 0.000769 seconds.
Begin MonoManager ReloadAssembly
Native extension for WindowsStandalone target not found
Refreshing native plugins compatible for Editor in 0.44 ms, found 0 plugins.
Preloading 0 native plugins for Editor in 0.00 ms.
Invoked RoslynAnalysisRunner static constructor.
RoslynAnalysisRunner will not be running.
RoslynAnalysisRunner has terminated.
Mono: successfully reloaded assembly
- Completed reload, in  0.772 seconds
Platform modules already initialized, skipping
Refreshing native plugins compatible for Editor in 0.60 ms, found 0 plugins.
Preloading 0 native plugins for Editor in 0.00 ms.
Unloading 1101 Unused Serialized files (Serialized files now loaded: 0)
System memory in use before: 80.0 MB.
System memory in use after: 80.0 MB.

Unloading 5 unused Assets to reduce memory usage. Loaded Objects now: 1653.
Total: 3.673300 ms (FindLiveObjects: 0.148500 ms CreateObjectMapping: 0.042300 ms MarkObjects: 3.097200 ms  DeleteObjects: 0.383200 ms)

========================================================================
Received Prepare
Registering precompiled user dll's ...
Registered in 0.000808 seconds.
Begin MonoManager ReloadAssembly
Native extension for WindowsStandalone target not found
Refreshing native plugins compatible for Editor in 0.43 ms, found 0 plugins.
Preloading 0 native plugins for Editor in 0.00 ms.
Invoked RoslynAnalysisRunner static constructor.
RoslynAnalysisRunner will not be running.
RoslynAnalysisRunner has terminated.
Mono: successfully reloaded assembly
- Completed reload, in  0.809 seconds
Platform modules already initialized, skipping
Refreshing native plugins compatible for Editor in 0.46 ms, found 0 plugins.
Preloading 0 native plugins for Editor in 0.00 ms.
Unloading 1101 Unused Serialized files (Serialized files now loaded: 0)
System memory in use before: 80.0 MB.
System memory in use after: 80.1 MB.

Unloading 5 unused Assets to reduce memory usage. Loaded Objects now: 1655.
Total: 1.938900 ms (FindLiveObjects: 0.152700 ms CreateObjectMapping: 0.040000 ms MarkObjects: 1.613100 ms  DeleteObjects: 0.132200 ms)

========================================================================
Received Prepare
Registering precompiled user dll's ...
Registered in 0.000869 seconds.
Begin MonoManager ReloadAssembly
Native extension for WindowsStandalone target not found
Refreshing native plugins compatible for Editor in 0.41 ms, found 0 plugins.
Preloading 0 native plugins for Editor in 0.00 ms.
Invoked RoslynAnalysisRunner static constructor.
RoslynAnalysisRunner will not be running.
RoslynAnalysisRunner has terminated.
Mono: successfully reloaded assembly
- Completed reload, in  0.866 seconds
Platform modules already initialized, skipping
Refreshing native plugins compatible for Editor in 0.47 ms, found 0 plugins.
Preloading 0 native plugins for Editor in 0.00 ms.
Unloading 1101 Unused Serialized files (Serialized files now loaded: 0)
System memory in use before: 80.0 MB.
System memory in use after: 80.1 MB.

Unloading 5 unused Assets to reduce memory usage. Loaded Objects now: 1657.
Total: 1.690500 ms (FindLiveObjects: 0.147300 ms CreateObjectMapping: 0.036900 ms MarkObjects: 1.380900 ms  DeleteObjects: 0.124500 ms)

========================================================================
Received Prepare
Registering precompiled user dll's ...
Registered in 0.000794 seconds.
Begin MonoManager ReloadAssembly
Native extension for WindowsStandalone target not found
Refreshing native plugins compatible for Editor in 0.79 ms, found 0 plugins.
Preloading 0 native plugins for Editor in 0.00 ms.
Invoked RoslynAnalysisRunner static constructor.
RoslynAnalysisRunner will not be running.
RoslynAnalysisRunner has terminated.
Mono: successfully reloaded assembly
- Completed reload, in  0.813 seconds
Platform modules already initialized, skipping
Refreshing native plugins compatible for Editor in 0.62 ms, found 0 plugins.
Preloading 0 native plugins for Editor in 0.00 ms.
Unloading 1101 Unused Serialized files (Serialized files now loaded: 0)
System memory in use before: 80.0 MB.
System memory in use after: 80.1 MB.

Unloading 5 unused Assets to reduce memory usage. Loaded Objects now: 1659.
Total: 3.050500 ms (FindLiveObjects: 0.234400 ms CreateObjectMapping: 0.069500 ms MarkObjects: 2.516800 ms  DeleteObjects: 0.227900 ms)

========================================================================
Received Prepare
Registering precompiled user dll's ...
Registered in 0.000827 seconds.
Begin MonoManager ReloadAssembly
Native extension for WindowsStandalone target not found
Refreshing native plugins compatible for Editor in 0.41 ms, found 0 plugins.
Preloading 0 native plugins for Editor in 0.00 ms.
Invoked RoslynAnalysisRunner static constructor.
RoslynAnalysisRunner will not be running.
RoslynAnalysisRunner has terminated.
Mono: successfully reloaded assembly
- Completed reload, in  0.790 seconds
Platform modules already initialized, skipping
Refreshing native plugins compatible for Editor in 0.51 ms, found 0 plugins.
Preloading 0 native plugins for Editor in 0.00 ms.
Unloading 1101 Unused Serialized files (Serialized files now loaded: 0)
System memory in use before: 80.0 MB.
System memory in use after: 80.1 MB.

Unloading 5 unused Assets to reduce memory usage. Loaded Objects now: 1661.
Total: 2.134900 ms (FindLiveObjects: 0.181300 ms CreateObjectMapping: 0.047900 ms MarkObjects: 1.776200 ms  DeleteObjects: 0.128600 ms)

========================================================================
Received Prepare
Registering precompiled user dll's ...
Registered in 0.001342 seconds.
Begin MonoManager ReloadAssembly
Native extension for WindowsStandalone target not found
Refreshing native plugins compatible for Editor in 0.52 ms, found 0 plugins.
Preloading 0 native plugins for Editor in 0.00 ms.
Invoked RoslynAnalysisRunner static constructor.
RoslynAnalysisRunner will not be running.
RoslynAnalysisRunner has terminated.
Mono: successfully reloaded assembly
- Completed reload, in  0.761 seconds
Platform modules already initialized, skipping
Refreshing native plugins compatible for Editor in 0.46 ms, found 0 plugins.
Preloading 0 native plugins for Editor in 0.00 ms.
Unloading 1101 Unused Serialized files (Serialized files now loaded: 0)
System memory in use before: 80.0 MB.
System memory in use after: 80.1 MB.

Unloading 5 unused Assets to reduce memory usage. Loaded Objects now: 1663.
Total: 2.728500 ms (FindLiveObjects: 0.320100 ms CreateObjectMapping: 0.073200 ms MarkObjects: 2.189200 ms  DeleteObjects: 0.144000 ms)

========================================================================
Received Prepare
Registering precompiled user dll's ...
Registered in 0.000862 seconds.
Begin MonoManager ReloadAssembly
Native extension for WindowsStandalone target not found
Refreshing native plugins compatible for Editor in 0.43 ms, found 0 plugins.
Preloading 0 native plugins for Editor in 0.00 ms.
Invoked RoslynAnalysisRunner static constructor.
RoslynAnalysisRunner will not be running.
RoslynAnalysisRunner has terminated.
Mono: successfully reloaded assembly
- Completed reload, in  0.772 seconds
Platform modules already initialized, skipping
Refreshing native plugins compatible for Editor in 0.49 ms, found 0 plugins.
Preloading 0 native plugins for Editor in 0.00 ms.
Unloading 1101 Unused Serialized files (Serialized files now loaded: 0)
System memory in use before: 80.0 MB.
System memory in use after: 80.1 MB.

Unloading 5 unused Assets to reduce memory usage. Loaded Objects now: 1665.
Total: 2.234600 ms (FindLiveObjects: 0.344700 ms CreateObjectMapping: 0.049200 ms MarkObjects: 1.667000 ms  DeleteObjects: 0.172600 ms)

========================================================================
Received Prepare
Registering precompiled user dll's ...
Registered in 0.000893 seconds.
Begin MonoManager ReloadAssembly
Native extension for WindowsStandalone target not found
Refreshing native plugins compatible for Editor in 0.51 ms, found 0 plugins.
Preloading 0 native plugins for Editor in 0.00 ms.
Invoked RoslynAnalysisRunner static constructor.
RoslynAnalysisRunner will not be running.
RoslynAnalysisRunner has terminated.
Mono: successfully reloaded assembly
- Completed reload, in  0.747 seconds
Platform modules already initialized, skipping
Refreshing native plugins compatible for Editor in 0.43 ms, found 0 plugins.
Preloading 0 native plugins for Editor in 0.00 ms.
Unloading 1101 Unused Serialized files (Serialized files now loaded: 0)
System memory in use before: 80.0 MB.
System memory in use after: 80.1 MB.

Unloading 5 unused Assets to reduce memory usage. Loaded Objects now: 1667.
Total: 2.569400 ms (FindLiveObjects: 0.212400 ms CreateObjectMapping: 0.056900 ms MarkObjects: 2.165300 ms  DeleteObjects: 0.133400 ms)

========================================================================
Received Prepare
Registering precompiled user dll's ...
Registered in 0.000904 seconds.
Begin MonoManager ReloadAssembly
Native extension for WindowsStandalone target not found
Refreshing native plugins compatible for Editor in 0.49 ms, found 0 plugins.
Preloading 0 native plugins for Editor in 0.00 ms.
Invoked RoslynAnalysisRunner static constructor.
RoslynAnalysisRunner will not be running.
RoslynAnalysisRunner has terminated.
Mono: successfully reloaded assembly
- Completed reload, in  0.765 seconds
Platform modules already initialized, skipping
Refreshing native plugins compatible for Editor in 0.44 ms, found 0 plugins.
Preloading 0 native plugins for Editor in 0.00 ms.
Unloading 1101 Unused Serialized files (Serialized files now loaded: 0)
System memory in use before: 80.0 MB.
System memory in use after: 80.1 MB.

Unloading 5 unused Assets to reduce memory usage. Loaded Objects now: 1669.
Total: 1.754100 ms (FindLiveObjects: 0.148300 ms CreateObjectMapping: 0.036400 ms MarkObjects: 1.444800 ms  DeleteObjects: 0.123500 ms)

========================================================================
Received Prepare
Registering precompiled user dll's ...
Registered in 0.001005 seconds.
Begin MonoManager ReloadAssembly
Native extension for WindowsStandalone target not found
Refreshing native plugins compatible for Editor in 0.44 ms, found 0 plugins.
Preloading 0 native plugins for Editor in 0.00 ms.
Invoked RoslynAnalysisRunner static constructor.
RoslynAnalysisRunner will not be running.
RoslynAnalysisRunner has terminated.
Mono: successfully reloaded assembly
- Completed reload, in  0.796 seconds
Platform modules already initialized, skipping
Refreshing native plugins compatible for Editor in 0.44 ms, found 0 plugins.
Preloading 0 native plugins for Editor in 0.00 ms.
Unloading 1101 Unused Serialized files (Serialized files now loaded: 0)
System memory in use before: 80.0 MB.
System memory in use after: 80.1 MB.

Unloading 5 unused Assets to reduce memory usage. Loaded Objects now: 1671.
Total: 2.042000 ms (FindLiveObjects: 0.184900 ms CreateObjectMapping: 0.051400 ms MarkObjects: 1.655000 ms  DeleteObjects: 0.149600 ms)

========================================================================
Received Prepare
Registering precompiled user dll's ...
Registered in 0.001274 seconds.
Begin MonoManager ReloadAssembly
Native extension for WindowsStandalone target not found
Refreshing native plugins compatible for Editor in 0.66 ms, found 0 plugins.
Preloading 0 native plugins for Editor in 0.00 ms.
Invoked RoslynAnalysisRunner static constructor.
RoslynAnalysisRunner will not be running.
RoslynAnalysisRunner has terminated.
Mono: successfully reloaded assembly
- Completed reload, in  1.032 seconds
Platform modules already initialized, skipping
Refreshing native plugins compatible for Editor in 0.75 ms, found 0 plugins.
Preloading 0 native plugins for Editor in 0.00 ms.
Unloading 1101 Unused Serialized files (Serialized files now loaded: 0)
System memory in use before: 80.0 MB.
System memory in use after: 80.1 MB.

Unloading 5 unused Assets to reduce memory usage. Loaded Objects now: 1673.
Total: 2.675800 ms (FindLiveObjects: 0.185600 ms CreateObjectMapping: 0.036000 ms MarkObjects: 2.278300 ms  DeleteObjects: 0.173700 ms)

========================================================================
Received Prepare
Registering precompiled user dll's ...
Registered in 0.000886 seconds.
Begin MonoManager ReloadAssembly
Native extension for WindowsStandalone target not found
Refreshing native plugins compatible for Editor in 0.43 ms, found 0 plugins.
Preloading 0 native plugins for Editor in 0.00 ms.
Invoked RoslynAnalysisRunner static constructor.
RoslynAnalysisRunner will not be running.
RoslynAnalysisRunner has terminated.
Mono: successfully reloaded assembly
- Completed reload, in  0.929 seconds
Platform modules already initialized, skipping
Refreshing native plugins compatible for Editor in 1.23 ms, found 0 plugins.
Preloading 0 native plugins for Editor in 0.00 ms.
Unloading 1101 Unused Serialized files (Serialized files now loaded: 0)
System memory in use before: 80.0 MB.
System memory in use after: 80.1 MB.

Unloading 5 unused Assets to reduce memory usage. Loaded Objects now: 1675.
Total: 5.328700 ms (FindLiveObjects: 0.387500 ms CreateObjectMapping: 0.121200 ms MarkObjects: 4.566800 ms  DeleteObjects: 0.250500 ms)

========================================================================
Received Prepare
Registering precompiled user dll's ...
Registered in 0.001064 seconds.
Begin MonoManager ReloadAssembly
Native extension for WindowsStandalone target not found
Refreshing native plugins compatible for Editor in 0.48 ms, found 0 plugins.
Preloading 0 native plugins for Editor in 0.00 ms.
Invoked RoslynAnalysisRunner static constructor.
RoslynAnalysisRunner will not be running.
RoslynAnalysisRunner has terminated.
Mono: successfully reloaded assembly
- Completed reload, in  0.893 seconds
Platform modules already initialized, skipping
Refreshing native plugins compatible for Editor in 1.18 ms, found 0 plugins.
Preloading 0 native plugins for Editor in 0.00 ms.
Unloading 1101 Unused Serialized files (Serialized files now loaded: 0)
System memory in use before: 80.0 MB.
System memory in use after: 80.1 MB.

Unloading 5 unused Assets to reduce memory usage. Loaded Objects now: 1677.
Total: 3.405400 ms (FindLiveObjects: 0.251900 ms CreateObjectMapping: 0.154200 ms MarkObjects: 2.815200 ms  DeleteObjects: 0.182500 ms)

========================================================================
Received Prepare
Registering precompiled user dll's ...
Registered in 0.001175 seconds.
Begin MonoManager ReloadAssembly
Native extension for WindowsStandalone target not found
Refreshing native plugins compatible for Editor in 0.41 ms, found 0 plugins.
Preloading 0 native plugins for Editor in 0.00 ms.
Invoked RoslynAnalysisRunner static constructor.
RoslynAnalysisRunner will not be running.
RoslynAnalysisRunner has terminated.
Mono: successfully reloaded assembly
- Completed reload, in  0.775 seconds
Platform modules already initialized, skipping
Refreshing native plugins compatible for Editor in 0.44 ms, found 0 plugins.
Preloading 0 native plugins for Editor in 0.00 ms.
Unloading 1101 Unused Serialized files (Serialized files now loaded: 0)
System memory in use before: 80.0 MB.
System memory in use after: 80.1 MB.

Unloading 5 unused Assets to reduce memory usage. Loaded Objects now: 1679.
Total: 2.555900 ms (FindLiveObjects: 0.236200 ms CreateObjectMapping: 0.056600 ms MarkObjects: 2.068700 ms  DeleteObjects: 0.193400 ms)

========================================================================
Received Prepare
Registering precompiled user dll's ...
Registered in 0.000921 seconds.
Begin MonoManager ReloadAssembly
Native extension for WindowsStandalone target not found
Refreshing native plugins compatible for Editor in 0.52 ms, found 0 plugins.
Preloading 0 native plugins for Editor in 0.00 ms.
Invoked RoslynAnalysisRunner static constructor.
RoslynAnalysisRunner will not be running.
RoslynAnalysisRunner has terminated.
Mono: successfully reloaded assembly
- Completed reload, in  0.752 seconds
Platform modules already initialized, skipping
Refreshing native plugins compatible for Editor in 0.44 ms, found 0 plugins.
Preloading 0 native plugins for Editor in 0.00 ms.
Unloading 1101 Unused Serialized files (Serialized files now loaded: 0)
System memory in use before: 80.0 MB.
System memory in use after: 80.1 MB.

Unloading 5 unused Assets to reduce memory usage. Loaded Objects now: 1681.
Total: 2.114500 ms (FindLiveObjects: 0.209100 ms CreateObjectMapping: 0.044200 ms MarkObjects: 1.718500 ms  DeleteObjects: 0.141200 ms)

========================================================================
Received Prepare
Registering precompiled user dll's ...
Registered in 0.001228 seconds.
Begin MonoManager ReloadAssembly
Native extension for WindowsStandalone target not found
Refreshing native plugins compatible for Editor in 0.91 ms, found 0 plugins.
Preloading 0 native plugins for Editor in 0.00 ms.
Invoked RoslynAnalysisRunner static constructor.
RoslynAnalysisRunner will not be running.
RoslynAnalysisRunner has terminated.
Mono: successfully reloaded assembly
- Completed reload, in  1.127 seconds
Platform modules already initialized, skipping
Refreshing native plugins compatible for Editor in 0.49 ms, found 0 plugins.
Preloading 0 native plugins for Editor in 0.00 ms.
Unloading 1101 Unused Serialized files (Serialized files now loaded: 0)
System memory in use before: 80.0 MB.
System memory in use after: 80.1 MB.

Unloading 5 unused Assets to reduce memory usage. Loaded Objects now: 1683.
Total: 3.408100 ms (FindLiveObjects: 0.479800 ms CreateObjectMapping: 0.152300 ms MarkObjects: 2.555600 ms  DeleteObjects: 0.214400 ms)

========================================================================
Received Prepare
Registering precompiled user dll's ...
Registered in 0.001427 seconds.
Begin MonoManager ReloadAssembly
Native extension for WindowsStandalone target not found
Refreshing native plugins compatible for Editor in 0.45 ms, found 0 plugins.
Preloading 0 native plugins for Editor in 0.00 ms.
Invoked RoslynAnalysisRunner static constructor.
RoslynAnalysisRunner will not be running.
RoslynAnalysisRunner has terminated.
Mono: successfully reloaded assembly
- Completed reload, in  0.759 seconds
Platform modules already initialized, skipping
Refreshing native plugins compatible for Editor in 0.44 ms, found 0 plugins.
Preloading 0 native plugins for Editor in 0.00 ms.
Unloading 1101 Unused Serialized files (Serialized files now loaded: 0)
System memory in use before: 80.0 MB.
System memory in use after: 80.1 MB.

Unloading 5 unused Assets to reduce memory usage. Loaded Objects now: 1685.
Total: 1.902300 ms (FindLiveObjects: 0.147600 ms CreateObjectMapping: 0.037300 ms MarkObjects: 1.575400 ms  DeleteObjects: 0.140600 ms)

========================================================================
Received Prepare
Registering precompiled user dll's ...
Registered in 0.000889 seconds.
Begin MonoManager ReloadAssembly
Native extension for WindowsStandalone target not found
Refreshing native plugins compatible for Editor in 0.42 ms, found 0 plugins.
Preloading 0 native plugins for Editor in 0.00 ms.
Invoked RoslynAnalysisRunner static constructor.
RoslynAnalysisRunner will not be running.
RoslynAnalysisRunner has terminated.
Mono: successfully reloaded assembly
- Completed reload, in  0.787 seconds
Platform modules already initialized, skipping
Refreshing native plugins compatible for Editor in 0.47 ms, found 0 plugins.
Preloading 0 native plugins for Editor in 0.00 ms.
Unloading 1101 Unused Serialized files (Serialized files now loaded: 0)
System memory in use before: 80.0 MB.
System memory in use after: 80.1 MB.

Unloading 5 unused Assets to reduce memory usage. Loaded Objects now: 1687.
Total: 2.173900 ms (FindLiveObjects: 0.218800 ms CreateObjectMapping: 0.040200 ms MarkObjects: 1.766100 ms  DeleteObjects: 0.146500 ms)

========================================================================
Received Prepare
Registering precompiled user dll's ...
Registered in 0.001906 seconds.
Begin MonoManager ReloadAssembly
Native extension for WindowsStandalone target not found
Refreshing native plugins compatible for Editor in 0.57 ms, found 0 plugins.
Preloading 0 native plugins for Editor in 0.00 ms.
Invoked RoslynAnalysisRunner static constructor.
RoslynAnalysisRunner will not be running.
RoslynAnalysisRunner has terminated.
Mono: successfully reloaded assembly
- Completed reload, in  1.068 seconds
Platform modules already initialized, skipping
Refreshing native plugins compatible for Editor in 0.60 ms, found 0 plugins.
Preloading 0 native plugins for Editor in 0.00 ms.
Unloading 1101 Unused Serialized files (Serialized files now loaded: 0)
System memory in use before: 80.0 MB.
System memory in use after: 80.1 MB.

Unloading 5 unused Assets to reduce memory usage. Loaded Objects now: 1689.
Total: 1.931600 ms (FindLiveObjects: 0.164600 ms CreateObjectMapping: 0.047000 ms MarkObjects: 1.576500 ms  DeleteObjects: 0.141600 ms)

========================================================================
Received Import Request.
  Time since last request: 2138.234515 seconds.
  path: ProjectSettings/TagManager.asset
  artifactKey: Guid(00000000000000003000000000000000) Importer(815301076,1909f56bfc062723c751e8b465ee728b)
Start importing ProjectSettings/TagManager.asset using Guid(00000000000000003000000000000000) Importer(815301076,1909f56bfc062723c751e8b465ee728b)  -> (artifact id: 'a83cbd12f2da18be6ca0fd471ce97662') in 0.173198 seconds
  Import took 0.213546 seconds .

========================================================================
Received Prepare
Registering precompiled user dll's ...
Registered in 0.001094 seconds.
Begin MonoManager ReloadAssembly
Native extension for WindowsStandalone target not found
Refreshing native plugins compatible for Editor in 0.44 ms, found 0 plugins.
Preloading 0 native plugins for Editor in 0.00 ms.
Invoked RoslynAnalysisRunner static constructor.
RoslynAnalysisRunner will not be running.
RoslynAnalysisRunner has terminated.
Mono: successfully reloaded assembly
- Completed reload, in  0.785 seconds
Platform modules already initialized, skipping
Refreshing native plugins compatible for Editor in 0.44 ms, found 0 plugins.
Preloading 0 native plugins for Editor in 0.00 ms.
Unloading 1101 Unused Serialized files (Serialized files now loaded: 0)
System memory in use before: 80.1 MB.
System memory in use after: 80.1 MB.

Unloading 6 unused Assets to reduce memory usage. Loaded Objects now: 1691.
Total: 1.781700 ms (FindLiveObjects: 0.161600 ms CreateObjectMapping: 0.036700 ms MarkObjects: 1.452200 ms  DeleteObjects: 0.130100 ms)

========================================================================
Received Prepare
Registering precompiled user dll's ...
Registered in 0.000810 seconds.
Begin MonoManager ReloadAssembly
Native extension for WindowsStandalone target not found
Refreshing native plugins compatible for Editor in 0.41 ms, found 0 plugins.
Preloading 0 native plugins for Editor in 0.00 ms.
Invoked RoslynAnalysisRunner static constructor.
RoslynAnalysisRunner will not be running.
RoslynAnalysisRunner has terminated.
Mono: successfully reloaded assembly
- Completed reload, in  0.963 seconds
Platform modules already initialized, skipping
Refreshing native plugins compatible for Editor in 0.60 ms, found 0 plugins.
Preloading 0 native plugins for Editor in 0.00 ms.
Unloading 1101 Unused Serialized files (Serialized files now loaded: 0)
System memory in use before: 80.1 MB.
System memory in use after: 80.1 MB.

Unloading 5 unused Assets to reduce memory usage. Loaded Objects now: 1693.
Total: 2.268600 ms (FindLiveObjects: 0.190400 ms CreateObjectMapping: 0.051900 ms MarkObjects: 1.853500 ms  DeleteObjects: 0.171900 ms)

========================================================================
Received Prepare
Registering precompiled user dll's ...
Registered in 0.000970 seconds.
Begin MonoManager ReloadAssembly
Native extension for WindowsStandalone target not found
Refreshing native plugins compatible for Editor in 0.47 ms, found 0 plugins.
Preloading 0 native plugins for Editor in 0.00 ms.
Invoked RoslynAnalysisRunner static constructor.
RoslynAnalysisRunner will not be running.
RoslynAnalysisRunner has terminated.
Mono: successfully reloaded assembly
- Completed reload, in  0.774 seconds
Platform modules already initialized, skipping
Refreshing native plugins compatible for Editor in 0.46 ms, found 0 plugins.
Preloading 0 native plugins for Editor in 0.00 ms.
Unloading 1101 Unused Serialized files (Serialized files now loaded: 0)
System memory in use before: 80.1 MB.
System memory in use after: 80.1 MB.

Unloading 5 unused Assets to reduce memory usage. Loaded Objects now: 1695.
Total: 2.476800 ms (FindLiveObjects: 0.569200 ms CreateObjectMapping: 0.060600 ms MarkObjects: 1.709600 ms  DeleteObjects: 0.133200 ms)

========================================================================
Received Prepare
Registering precompiled user dll's ...
Registered in 0.001013 seconds.
Begin MonoManager ReloadAssembly
Native extension for WindowsStandalone target not found
Refreshing native plugins compatible for Editor in 0.45 ms, found 0 plugins.
Preloading 0 native plugins for Editor in 0.00 ms.
Invoked RoslynAnalysisRunner static constructor.
RoslynAnalysisRunner will not be running.
RoslynAnalysisRunner has terminated.
Mono: successfully reloaded assembly
- Completed reload, in  0.810 seconds
Platform modules already initialized, skipping
Refreshing native plugins compatible for Editor in 0.46 ms, found 0 plugins.
Preloading 0 native plugins for Editor in 0.00 ms.
Unloading 1101 Unused Serialized files (Serialized files now loaded: 0)
System memory in use before: 80.1 MB.
System memory in use after: 80.1 MB.

Unloading 5 unused Assets to reduce memory usage. Loaded Objects now: 1697.
Total: 2.528900 ms (FindLiveObjects: 0.156700 ms CreateObjectMapping: 0.033200 ms MarkObjects: 2.174900 ms  DeleteObjects: 0.162900 ms)

========================================================================
Received Import Request.
  Time since last request: 740.077244 seconds.
  path: Assets/Script/Camera/FirstAIDTake.cs
  artifactKey: Guid(38c0249d42b9a0d4288039f629088d17) Importer(815301076,1909f56bfc062723c751e8b465ee728b)
Start importing Assets/Script/Camera/FirstAIDTake.cs using Guid(38c0249d42b9a0d4288039f629088d17) Importer(815301076,1909f56bfc062723c751e8b465ee728b)  -> (artifact id: '727afd5ec0f13847c645889406fdaf6a') in 0.006071 seconds
  Import took 0.028245 seconds .

========================================================================
Received Prepare
Registering precompiled user dll's ...
Registered in 0.000875 seconds.
Begin MonoManager ReloadAssembly
Native extension for WindowsStandalone target not found
Refreshing native plugins compatible for Editor in 0.41 ms, found 0 plugins.
Preloading 0 native plugins for Editor in 0.00 ms.
Invoked RoslynAnalysisRunner static constructor.
RoslynAnalysisRunner will not be running.
RoslynAnalysisRunner has terminated.
Mono: successfully reloaded assembly
- Completed reload, in  0.758 seconds
Platform modules already initialized, skipping
Refreshing native plugins compatible for Editor in 0.45 ms, found 0 plugins.
Preloading 0 native plugins for Editor in 0.00 ms.
Unloading 1100 Unused Serialized files (Serialized files now loaded: 0)
System memory in use before: 80.0 MB.
System memory in use after: 80.1 MB.

Unloading 6 unused Assets to reduce memory usage. Loaded Objects now: 1698.
Total: 2.201200 ms (FindLiveObjects: 0.208700 ms CreateObjectMapping: 0.070800 ms MarkObjects: 1.748200 ms  DeleteObjects: 0.172700 ms)

========================================================================
Received Prepare
Registering precompiled user dll's ...
Registered in 0.000865 seconds.
Begin MonoManager ReloadAssembly
Native extension for WindowsStandalone target not found
Refreshing native plugins compatible for Editor in 0.42 ms, found 0 plugins.
Preloading 0 native plugins for Editor in 0.00 ms.
Invoked RoslynAnalysisRunner static constructor.
RoslynAnalysisRunner will not be running.
RoslynAnalysisRunner has terminated.
Mono: successfully reloaded assembly
- Completed reload, in  0.764 seconds
Platform modules already initialized, skipping
Refreshing native plugins compatible for Editor in 0.46 ms, found 0 plugins.
Preloading 0 native plugins for Editor in 0.00 ms.
Unloading 1100 Unused Serialized files (Serialized files now loaded: 0)
System memory in use before: 80.1 MB.
System memory in use after: 80.1 MB.

Unloading 5 unused Assets to reduce memory usage. Loaded Objects now: 1700.
Total: 2.194700 ms (FindLiveObjects: 0.170300 ms CreateObjectMapping: 0.039900 ms MarkObjects: 1.844900 ms  DeleteObjects: 0.134200 ms)

========================================================================
Received Prepare
Registering precompiled user dll's ...
Registered in 0.000909 seconds.
Begin MonoManager ReloadAssembly
Native extension for WindowsStandalone target not found
Refreshing native plugins compatible for Editor in 0.41 ms, found 0 plugins.
Preloading 0 native plugins for Editor in 0.00 ms.
Invoked RoslynAnalysisRunner static constructor.
RoslynAnalysisRunner will not be running.
RoslynAnalysisRunner has terminated.
Mono: successfully reloaded assembly
- Completed reload, in  0.735 seconds
Platform modules already initialized, skipping
Refreshing native plugins compatible for Editor in 0.46 ms, found 0 plugins.
Preloading 0 native plugins for Editor in 0.00 ms.
Unloading 1100 Unused Serialized files (Serialized files now loaded: 0)
System memory in use before: 80.1 MB.
System memory in use after: 80.1 MB.

Unloading 5 unused Assets to reduce memory usage. Loaded Objects now: 1702.
Total: 2.006400 ms (FindLiveObjects: 0.163600 ms CreateObjectMapping: 0.041500 ms MarkObjects: 1.664400 ms  DeleteObjects: 0.135900 ms)

========================================================================
Received Prepare
Registering precompiled user dll's ...
Registered in 0.000883 seconds.
Begin MonoManager ReloadAssembly
Native extension for WindowsStandalone target not found
Refreshing native plugins compatible for Editor in 0.49 ms, found 0 plugins.
Preloading 0 native plugins for Editor in 0.00 ms.
Invoked RoslynAnalysisRunner static constructor.
RoslynAnalysisRunner will not be running.
RoslynAnalysisRunner has terminated.
Mono: successfully reloaded assembly
- Completed reload, in  0.752 seconds
Platform modules already initialized, skipping
Refreshing native plugins compatible for Editor in 0.74 ms, found 0 plugins.
Preloading 0 native plugins for Editor in 0.00 ms.
Unloading 1100 Unused Serialized files (Serialized files now loaded: 0)
System memory in use before: 80.1 MB.
System memory in use after: 80.1 MB.

Unloading 5 unused Assets to reduce memory usage. Loaded Objects now: 1704.
Total: 2.086800 ms (FindLiveObjects: 0.233100 ms CreateObjectMapping: 0.050400 ms MarkObjects: 1.657700 ms  DeleteObjects: 0.144400 ms)

========================================================================
Received Prepare
Registering precompiled user dll's ...
Registered in 0.000946 seconds.
Begin MonoManager ReloadAssembly
Native extension for WindowsStandalone target not found
Refreshing native plugins compatible for Editor in 0.42 ms, found 0 plugins.
Preloading 0 native plugins for Editor in 0.00 ms.
Invoked RoslynAnalysisRunner static constructor.
RoslynAnalysisRunner will not be running.
RoslynAnalysisRunner has terminated.
Mono: successfully reloaded assembly
- Completed reload, in  0.761 seconds
Platform modules already initialized, skipping
Refreshing native plugins compatible for Editor in 0.57 ms, found 0 plugins.
Preloading 0 native plugins for Editor in 0.00 ms.
Unloading 1100 Unused Serialized files (Serialized files now loaded: 0)
System memory in use before: 80.1 MB.
System memory in use after: 80.1 MB.

Unloading 5 unused Assets to reduce memory usage. Loaded Objects now: 1706.
Total: 2.000500 ms (FindLiveObjects: 0.210200 ms CreateObjectMapping: 0.062300 ms MarkObjects: 1.604100 ms  DeleteObjects: 0.122700 ms)

========================================================================
Received Prepare
Registering precompiled user dll's ...
Registered in 0.000743 seconds.
Begin MonoManager ReloadAssembly
Native extension for WindowsStandalone target not found
Refreshing native plugins compatible for Editor in 0.42 ms, found 0 plugins.
Preloading 0 native plugins for Editor in 0.00 ms.
Invoked RoslynAnalysisRunner static constructor.
RoslynAnalysisRunner will not be running.
RoslynAnalysisRunner has terminated.
Mono: successfully reloaded assembly
- Completed reload, in  0.733 seconds
Platform modules already initialized, skipping
Refreshing native plugins compatible for Editor in 0.52 ms, found 0 plugins.
Preloading 0 native plugins for Editor in 0.00 ms.
Unloading 1100 Unused Serialized files (Serialized files now loaded: 0)
System memory in use before: 80.1 MB.
System memory in use after: 80.1 MB.

Unloading 5 unused Assets to reduce memory usage. Loaded Objects now: 1708.
Total: 2.117600 ms (FindLiveObjects: 0.192200 ms CreateObjectMapping: 0.042900 ms MarkObjects: 1.738200 ms  DeleteObjects: 0.143100 ms)

========================================================================
Received Prepare
Registering precompiled user dll's ...
Registered in 0.000881 seconds.
Begin MonoManager ReloadAssembly
Native extension for WindowsStandalone target not found
Refreshing native plugins compatible for Editor in 0.56 ms, found 0 plugins.
Preloading 0 native plugins for Editor in 0.00 ms.
Invoked RoslynAnalysisRunner static constructor.
RoslynAnalysisRunner will not be running.
RoslynAnalysisRunner has terminated.
Mono: successfully reloaded assembly
- Completed reload, in  0.790 seconds
Platform modules already initialized, skipping
Refreshing native plugins compatible for Editor in 0.45 ms, found 0 plugins.
Preloading 0 native plugins for Editor in 0.00 ms.
Unloading 1100 Unused Serialized files (Serialized files now loaded: 0)
System memory in use before: 80.1 MB.
System memory in use after: 80.1 MB.

Unloading 5 unused Assets to reduce memory usage. Loaded Objects now: 1710.
Total: 1.754900 ms (FindLiveObjects: 0.147200 ms CreateObjectMapping: 0.039000 ms MarkObjects: 1.438000 ms  DeleteObjects: 0.129800 ms)

========================================================================
Received Import Request.
  Time since last request: 691.942526 seconds.
  path: Assets/Data/GameObject.prefab
  artifactKey: Guid(9eb1701fefc88e9429e98bc09d62af18) Importer(815301076,1909f56bfc062723c751e8b465ee728b)
Start importing Assets/Data/GameObject.prefab using Guid(9eb1701fefc88e9429e98bc09d62af18) Importer(815301076,1909f56bfc062723c751e8b465ee728b)  -> (artifact id: '9f61437ebb72ea39be0fa4727781dbe8') in 3.933947 seconds
  Import took 3.990498 seconds .

========================================================================
Received Import Request.
  Time since last request: 0.000293 seconds.
  path: Assets/Data/PlayerCharacter.prefab
  artifactKey: Guid(d011cebe7b8905745946c311bee78000) Importer(815301076,1909f56bfc062723c751e8b465ee728b)
Start importing Assets/Data/PlayerCharacter.prefab using Guid(d011cebe7b8905745946c311bee78000) Importer(815301076,1909f56bfc062723c751e8b465ee728b)  -> (artifact id: '8be390964cb1a19f2e4231584654273a') in 0.276534 seconds
  Import took 0.302940 seconds .

========================================================================
Received Import Request.
  Time since last request: 1.701351 seconds.
  path: Assets/Data/Prefabs/Zombies/Original/Zombie_Bellboy_Male_01.prefab
  artifactKey: Guid(2165f6a67f710bc47a7cfc0882e7e964) Importer(815301076,1909f56bfc062723c751e8b465ee728b)
Start importing Assets/Data/Prefabs/Zombies/Original/Zombie_Bellboy_Male_01.prefab using Guid(2165f6a67f710bc47a7cfc0882e7e964) Importer(815301076,1909f56bfc062723c751e8b465ee728b)  -> (artifact id: '684c4b30e86691a58ad8b3b3463c76e1') in 2.189624 seconds
  Import took 2.206268 seconds .

========================================================================
Received Import Request.
  Time since last request: 26.974189 seconds.
  path: Assets/FirstAID_low.prefab
  artifactKey: Guid(ccb30b120cacd44439b76e5c38c9cf06) Importer(815301076,1909f56bfc062723c751e8b465ee728b)
Start importing Assets/FirstAID_low.prefab using Guid(ccb30b120cacd44439b76e5c38c9cf06) Importer(815301076,1909f56bfc062723c751e8b465ee728b)  -> (artifact id: '26954bc5b1ebe1615f9a893ea02ab53b') in 0.556515 seconds
  Import took 0.577645 seconds .

========================================================================
Received Import Request.
  Time since last request: 50.985554 seconds.
  path: Assets/Data/Prefabs/Zombies/Original/Zombie_Bellboy_Male_01.prefab
  artifactKey: Guid(2165f6a67f710bc47a7cfc0882e7e964) Importer(815301076,1909f56bfc062723c751e8b465ee728b)
Start importing Assets/Data/Prefabs/Zombies/Original/Zombie_Bellboy_Male_01.prefab using Guid(2165f6a67f710bc47a7cfc0882e7e964) Importer(815301076,1909f56bfc062723c751e8b465ee728b)  -> (artifact id: 'c4fefbbf6ddecccc5a56175507285f54') in 0.167288 seconds
  Import took 0.189893 seconds .

========================================================================
Received Import Request.
  Time since last request: 10.761653 seconds.
  path: Assets/Data/Prefabs/Zombies/Original/Zombie_Bellboy_Male_01.prefab
  artifactKey: Guid(2165f6a67f710bc47a7cfc0882e7e964) Importer(815301076,1909f56bfc062723c751e8b465ee728b)
Start importing Assets/Data/Prefabs/Zombies/Original/Zombie_Bellboy_Male_01.prefab using Guid(2165f6a67f710bc47a7cfc0882e7e964) Importer(815301076,1909f56bfc062723c751e8b465ee728b)  -> (artifact id: '0004eb34b86b1254c354a109b1412eca') in 0.204935 seconds
  Import took 0.245326 seconds .

========================================================================
Received Prepare
Registering precompiled user dll's ...
Registered in 0.000830 seconds.
Begin MonoManager ReloadAssembly
Native extension for WindowsStandalone target not found
Refreshing native plugins compatible for Editor in 0.48 ms, found 0 plugins.
Preloading 0 native plugins for Editor in 0.00 ms.
Invoked RoslynAnalysisRunner static constructor.
RoslynAnalysisRunner will not be running.
RoslynAnalysisRunner has terminated.
Mono: successfully reloaded assembly
- Completed reload, in  0.759 seconds
Platform modules already initialized, skipping
Refreshing native plugins compatible for Editor in 0.42 ms, found 0 plugins.
Preloading 0 native plugins for Editor in 0.00 ms.
Unloading 1100 Unused Serialized files (Serialized files now loaded: 0)
System memory in use before: 91.2 MB.
System memory in use after: 91.3 MB.

Unloading 7 unused Assets to reduce memory usage. Loaded Objects now: 1714.
Total: 2.495700 ms (FindLiveObjects: 0.584100 ms CreateObjectMapping: 0.123000 ms MarkObjects: 1.650400 ms  DeleteObjects: 0.136000 ms)

========================================================================
Received Prepare
Registering precompiled user dll's ...
Registered in 0.000854 seconds.
Begin MonoManager ReloadAssembly
Native extension for WindowsStandalone target not found
Refreshing native plugins compatible for Editor in 1.02 ms, found 0 plugins.
Preloading 0 native plugins for Editor in 0.00 ms.
Invoked RoslynAnalysisRunner static constructor.
RoslynAnalysisRunner will not be running.
RoslynAnalysisRunner has terminated.
Mono: successfully reloaded assembly
- Completed reload, in  0.758 seconds
Platform modules already initialized, skipping
Refreshing native plugins compatible for Editor in 0.45 ms, found 0 plugins.
Preloading 0 native plugins for Editor in 0.00 ms.
Unloading 1100 Unused Serialized files (Serialized files now loaded: 0)
System memory in use before: 91.2 MB.
System memory in use after: 91.3 MB.

Unloading 5 unused Assets to reduce memory usage. Loaded Objects now: 1716.
Total: 2.829200 ms (FindLiveObjects: 0.250000 ms CreateObjectMapping: 0.065100 ms MarkObjects: 2.290400 ms  DeleteObjects: 0.221700 ms)

========================================================================
Received Import Request.
  Time since last request: 382.577762 seconds.
  path: Assets/Data/Prefabs/Zombies/Original/FirstAIDUI.prefab
  artifactKey: Guid(e8264c8255a4727499ae7d68625546a2) Importer(815301076,1909f56bfc062723c751e8b465ee728b)
Start importing Assets/Data/Prefabs/Zombies/Original/FirstAIDUI.prefab using Guid(e8264c8255a4727499ae7d68625546a2) Importer(815301076,1909f56bfc062723c751e8b465ee728b)  -> (artifact id: '01f4a817b31b47cbfcb7c99103ad5742') in 0.137588 seconds
  Import took 0.188558 seconds .

========================================================================
Received Prepare
Registering precompiled user dll's ...
Registered in 0.000921 seconds.
Begin MonoManager ReloadAssembly
Native extension for WindowsStandalone target not found
Refreshing native plugins compatible for Editor in 0.44 ms, found 0 plugins.
Preloading 0 native plugins for Editor in 0.00 ms.
Invoked RoslynAnalysisRunner static constructor.
RoslynAnalysisRunner will not be running.
RoslynAnalysisRunner has terminated.
Mono: successfully reloaded assembly
- Completed reload, in  0.774 seconds
Platform modules already initialized, skipping
Refreshing native plugins compatible for Editor in 0.42 ms, found 0 plugins.
Preloading 0 native plugins for Editor in 0.00 ms.
Unloading 1100 Unused Serialized files (Serialized files now loaded: 0)
System memory in use before: 91.2 MB.
System memory in use after: 91.3 MB.

Unloading 5 unused Assets to reduce memory usage. Loaded Objects now: 1718.
Total: 2.384700 ms (FindLiveObjects: 0.185100 ms CreateObjectMapping: 0.046700 ms MarkObjects: 1.999600 ms  DeleteObjects: 0.152100 ms)

========================================================================
Received Import Request.
  Time since last request: 351.589913 seconds.
  path: Assets/Art/Cross.png
  artifactKey: Guid(cfd5b022252f2e64bb678cb8f2cc4535) Importer(815301076,1909f56bfc062723c751e8b465ee728b)
Start importing Assets/Art/Cross.png using Guid(cfd5b022252f2e64bb678cb8f2cc4535) Importer(815301076,1909f56bfc062723c751e8b465ee728b)  -> (artifact id: '1aa5d799cb7480fb2c1be1cce80fcaa5') in 0.172260 seconds
  Import took 0.184785 seconds .

========================================================================
Received Import Request.
  Time since last request: 14.420268 seconds.
  path: Assets/Art/Cross.png
  artifactKey: Guid(cfd5b022252f2e64bb678cb8f2cc4535) Importer(815301076,1909f56bfc062723c751e8b465ee728b)
Start importing Assets/Art/Cross.png using Guid(cfd5b022252f2e64bb678cb8f2cc4535) Importer(815301076,1909f56bfc062723c751e8b465ee728b)  -> (artifact id: '4a48f7813c47662de8c84c3dfb299c6d') in 0.043917 seconds
  Import took 0.062733 seconds .

========================================================================
Received Import Request.
  Time since last request: 47.913952 seconds.
  path: Assets/Scenes/Map_City.unity
  artifactKey: Guid(cf7c677bbb7aac345a7c35e4f1b92a36) Importer(815301076,1909f56bfc062723c751e8b465ee728b)
Start importing Assets/Scenes/Map_City.unity using Guid(cf7c677bbb7aac345a7c35e4f1b92a36) Importer(815301076,1909f56bfc062723c751e8b465ee728b)  -> (artifact id: '021bf27e6e3c4512380a44e201c728f5') in 0.097256 seconds
  Import took 0.099249 seconds .

========================================================================
Received Import Request.
  Time since last request: 108.202916 seconds.
  path: Assets/Scenes/Map_MainScene.unity
  artifactKey: Guid(5beae6b44d3bf9c448cbe6dbd689efe9) Importer(815301076,1909f56bfc062723c751e8b465ee728b)
Start importing Assets/Scenes/Map_MainScene.unity using Guid(5beae6b44d3bf9c448cbe6dbd689efe9) Importer(815301076,1909f56bfc062723c751e8b465ee728b)  -> (artifact id: '660a04e26529301186281a268fe140f2') in 0.002598 seconds
  Import took 0.030823 seconds .

========================================================================
Received Prepare
Registering precompiled user dll's ...
Registered in 0.000745 seconds.
Begin MonoManager ReloadAssembly
Native extension for WindowsStandalone target not found
Refreshing native plugins compatible for Editor in 0.42 ms, found 0 plugins.
Preloading 0 native plugins for Editor in 0.00 ms.
Invoked RoslynAnalysisRunner static constructor.
RoslynAnalysisRunner will not be running.
RoslynAnalysisRunner has terminated.
Mono: successfully reloaded assembly
- Completed reload, in  0.747 seconds
Platform modules already initialized, skipping
Refreshing native plugins compatible for Editor in 0.43 ms, found 0 plugins.
Preloading 0 native plugins for Editor in 0.00 ms.
Unloading 1100 Unused Serialized files (Serialized files now loaded: 0)
System memory in use before: 91.2 MB.
System memory in use after: 91.3 MB.

Unloading 5 unused Assets to reduce memory usage. Loaded Objects now: 1722.
Total: 1.636100 ms (FindLiveObjects: 0.164100 ms CreateObjectMapping: 0.034200 ms MarkObjects: 1.318900 ms  DeleteObjects: 0.116600 ms)

========================================================================
Received Prepare
Refreshing native plugins compatible for Editor in 1.13 ms, found 0 plugins.
Preloading 0 native plugins for Editor in 0.00 ms.
Unloading 3 Unused Serialized files (Serialized files now loaded: 0)
System memory in use before: 69.5 MB.
System memory in use after: 69.6 MB.

Unloading 3 unused Assets to reduce memory usage. Loaded Objects now: 1722.
Total: 5.962500 ms (FindLiveObjects: 1.678900 ms CreateObjectMapping: 0.706500 ms MarkObjects: 3.369200 ms  DeleteObjects: 0.198900 ms)

========================================================================
Received Import Request.
  Time since last request: 256.723487 seconds.
  path: Assets/Scenes/Map_City.unity
  artifactKey: Guid(cf7c677bbb7aac345a7c35e4f1b92a36) Importer(815301076,1909f56bfc062723c751e8b465ee728b)
Start importing Assets/Scenes/Map_City.unity using Guid(cf7c677bbb7aac345a7c35e4f1b92a36) Importer(815301076,1909f56bfc062723c751e8b465ee728b)  -> (artifact id: 'b8a2ec351785a2529b5d5a73f62ce898') in 0.011983 seconds
  Import took 0.051148 seconds .

========================================================================
Received Import Request.
  Time since last request: 412.635340 seconds.
  path: Assets/Scenes/Map_ForestScene.unity
  artifactKey: Guid(a1682599096835f43aeaba8eb03cf65f) Importer(815301076,1909f56bfc062723c751e8b465ee728b)
Start importing Assets/Scenes/Map_ForestScene.unity using Guid(a1682599096835f43aeaba8eb03cf65f) Importer(815301076,1909f56bfc062723c751e8b465ee728b)  -> (artifact id: '46dfec6d35250eefd30b014efb2f8e4d') in 0.103461 seconds
  Import took 0.151249 seconds .

========================================================================
Received Prepare
Registering precompiled user dll's ...
Registered in 0.000813 seconds.
Begin MonoManager ReloadAssembly
Native extension for WindowsStandalone target not found
Refreshing native plugins compatible for Editor in 0.42 ms, found 0 plugins.
Preloading 0 native plugins for Editor in 0.00 ms.
Invoked RoslynAnalysisRunner static constructor.
RoslynAnalysisRunner will not be running.
RoslynAnalysisRunner has terminated.
Mono: successfully reloaded assembly
- Completed reload, in  0.855 seconds
Platform modules already initialized, skipping
Refreshing native plugins compatible for Editor in 0.88 ms, found 0 plugins.
Preloading 0 native plugins for Editor in 0.00 ms.
Unloading 1100 Unused Serialized files (Serialized files now loaded: 0)
System memory in use before: 91.3 MB.
System memory in use after: 91.3 MB.

Unloading 5 unused Assets to reduce memory usage. Loaded Objects now: 1724.
Total: 4.110600 ms (FindLiveObjects: 0.379400 ms CreateObjectMapping: 0.134800 ms MarkObjects: 3.289900 ms  DeleteObjects: 0.303600 ms)

========================================================================
Received Import Request.
  Time since last request: 42.794699 seconds.
  path: Assets/Scenes/TerrainScene
  artifactKey: Guid(4bd200fb53cd6524d8e0bcd4222c34d1) Importer(815301076,1909f56bfc062723c751e8b465ee728b)
Start importing Assets/Scenes/TerrainScene using Guid(4bd200fb53cd6524d8e0bcd4222c34d1) Importer(815301076,1909f56bfc062723c751e8b465ee728b)  -> (artifact id: '2fa9221edd6e7806453917f7a99805b4') in 0.004601 seconds
  Import took 0.044375 seconds .

========================================================================
Received Import Request.
  Time since last request: 12.454636 seconds.
  path: Assets/Script/Enemy/EnemyHealth.cs
  artifactKey: Guid(df9dfe1b2843aa94a9203f9da3b2932c) Importer(815301076,1909f56bfc062723c751e8b465ee728b)
Start importing Assets/Script/Enemy/EnemyHealth.cs using Guid(df9dfe1b2843aa94a9203f9da3b2932c) Importer(815301076,1909f56bfc062723c751e8b465ee728b)  -> (artifact id: 'fc12bf6d50f8a1c59ce25bce1a635792') in 0.018469 seconds
  Import took 0.068132 seconds .

========================================================================
Received Prepare
Registering precompiled user dll's ...
Registered in 0.000758 seconds.
Begin MonoManager ReloadAssembly
Native extension for WindowsStandalone target not found
Refreshing native plugins compatible for Editor in 1.28 ms, found 0 plugins.
Preloading 0 native plugins for Editor in 0.00 ms.
Invoked RoslynAnalysisRunner static constructor.
RoslynAnalysisRunner will not be running.
RoslynAnalysisRunner has terminated.
Mono: successfully reloaded assembly
- Completed reload, in  1.268 seconds
Platform modules already initialized, skipping
Refreshing native plugins compatible for Editor in 1.05 ms, found 0 plugins.
Preloading 0 native plugins for Editor in 0.00 ms.
Unloading 1100 Unused Serialized files (Serialized files now loaded: 0)
System memory in use before: 91.3 MB.
System memory in use after: 91.3 MB.

Unloading 5 unused Assets to reduce memory usage. Loaded Objects now: 1726.
Total: 3.680700 ms (FindLiveObjects: 0.477500 ms CreateObjectMapping: 0.183200 ms MarkObjects: 2.772600 ms  DeleteObjects: 0.244800 ms)

========================================================================
Received Import Request.
  Time since last request: 82.473760 seconds.
  path: Assets/Script/Enemy/EnemyHealth.cs
  artifactKey: Guid(df9dfe1b2843aa94a9203f9da3b2932c) Importer(815301076,1909f56bfc062723c751e8b465ee728b)
Start importing Assets/Script/Enemy/EnemyHealth.cs using Guid(df9dfe1b2843aa94a9203f9da3b2932c) Importer(815301076,1909f56bfc062723c751e8b465ee728b)  -> (artifact id: 'a42b16c0fb38307698cb0f532ea65ced') in 0.006565 seconds
  Import took 0.058270 seconds .

========================================================================
Received Prepare
Registering precompiled user dll's ...
Registered in 0.001936 seconds.
Begin MonoManager ReloadAssembly
Native extension for WindowsStandalone target not found
Refreshing native plugins compatible for Editor in 0.41 ms, found 0 plugins.
Preloading 0 native plugins for Editor in 0.00 ms.
Invoked RoslynAnalysisRunner static constructor.
RoslynAnalysisRunner will not be running.
RoslynAnalysisRunner has terminated.
Mono: successfully reloaded assembly
- Completed reload, in  0.920 seconds
Platform modules already initialized, skipping
Refreshing native plugins compatible for Editor in 0.45 ms, found 0 plugins.
Preloading 0 native plugins for Editor in 0.00 ms.
Unloading 1100 Unused Serialized files (Serialized files now loaded: 0)
System memory in use before: 91.3 MB.
System memory in use after: 91.3 MB.

Unloading 5 unused Assets to reduce memory usage. Loaded Objects now: 1728.
Total: 1.883200 ms (FindLiveObjects: 0.157200 ms CreateObjectMapping: 0.037800 ms MarkObjects: 1.560300 ms  DeleteObjects: 0.126900 ms)

========================================================================
Received Prepare
Registering precompiled user dll's ...
Registered in 0.001162 seconds.
Begin MonoManager ReloadAssembly
Native extension for WindowsStandalone target not found
Refreshing native plugins compatible for Editor in 0.43 ms, found 0 plugins.
Preloading 0 native plugins for Editor in 0.00 ms.
Invoked RoslynAnalysisRunner static constructor.
RoslynAnalysisRunner will not be running.
RoslynAnalysisRunner has terminated.
Mono: successfully reloaded assembly
- Completed reload, in  0.854 seconds
Platform modules already initialized, skipping
Refreshing native plugins compatible for Editor in 0.44 ms, found 0 plugins.
Preloading 0 native plugins for Editor in 0.00 ms.
Unloading 1100 Unused Serialized files (Serialized files now loaded: 0)
System memory in use before: 91.3 MB.
System memory in use after: 91.3 MB.

Unloading 5 unused Assets to reduce memory usage. Loaded Objects now: 1730.
Total: 1.957300 ms (FindLiveObjects: 0.263100 ms CreateObjectMapping: 0.061300 ms MarkObjects: 1.497300 ms  DeleteObjects: 0.134100 ms)

========================================================================
Received Prepare
Registering precompiled user dll's ...
Registered in 0.000836 seconds.
Begin MonoManager ReloadAssembly
Native extension for WindowsStandalone target not found
Refreshing native plugins compatible for Editor in 0.42 ms, found 0 plugins.
Preloading 0 native plugins for Editor in 0.00 ms.
Invoked RoslynAnalysisRunner static constructor.
RoslynAnalysisRunner will not be running.
RoslynAnalysisRunner has terminated.
Mono: successfully reloaded assembly
- Completed reload, in  0.860 seconds
Platform modules already initialized, skipping
Refreshing native plugins compatible for Editor in 0.46 ms, found 0 plugins.
Preloading 0 native plugins for Editor in 0.00 ms.
Unloading 1100 Unused Serialized files (Serialized files now loaded: 0)
System memory in use before: 91.3 MB.
System memory in use after: 91.3 MB.

Unloading 5 unused Assets to reduce memory usage. Loaded Objects now: 1732.
Total: 2.330800 ms (FindLiveObjects: 0.334000 ms CreateObjectMapping: 0.040400 ms MarkObjects: 1.814100 ms  DeleteObjects: 0.140900 ms)

========================================================================
Received Prepare
Registering precompiled user dll's ...
Registered in 0.001069 seconds.
Begin MonoManager ReloadAssembly
Native extension for WindowsStandalone target not found
Refreshing native plugins compatible for Editor in 0.41 ms, found 0 plugins.
Preloading 0 native plugins for Editor in 0.00 ms.
Invoked RoslynAnalysisRunner static constructor.
RoslynAnalysisRunner will not be running.
RoslynAnalysisRunner has terminated.
Mono: successfully reloaded assembly
- Completed reload, in  0.835 seconds
Platform modules already initialized, skipping
Refreshing native plugins compatible for Editor in 0.48 ms, found 0 plugins.
Preloading 0 native plugins for Editor in 0.00 ms.
Unloading 1100 Unused Serialized files (Serialized files now loaded: 0)
System memory in use before: 91.3 MB.
System memory in use after: 91.4 MB.

Unloading 5 unused Assets to reduce memory usage. Loaded Objects now: 1734.
Total: 1.946300 ms (FindLiveObjects: 0.184000 ms CreateObjectMapping: 0.089000 ms MarkObjects: 1.504200 ms  DeleteObjects: 0.167500 ms)

========================================================================
Received Prepare
Refreshing native plugins compatible for Editor in 1.06 ms, found 0 plugins.
Preloading 0 native plugins for Editor in 0.00 ms.
Unloading 3 Unused Serialized files (Serialized files now loaded: 0)
System memory in use before: 69.5 MB.
System memory in use after: 69.6 MB.

Unloading 3 unused Assets to reduce memory usage. Loaded Objects now: 1734.
Total: 2.919400 ms (FindLiveObjects: 0.277200 ms CreateObjectMapping: 0.065500 ms MarkObjects: 2.431400 ms  DeleteObjects: 0.143300 ms)

